
[2018-02-16 11:20:59] Beginning TopHat run (v2.1.1)
-----------------------------------------------
[2018-02-16 11:20:59] Checking for Bowtie
		  Bowtie version:	 2.3.0.0
[2018-02-16 11:21:00] Checking for Bowtie index files (genome)..
[2018-02-16 11:21:00] Checking for reference FASTA file
[2018-02-16 11:21:00] Generating SAM header for /home/hemstrow/ECL243/project/de_Bekker_2015/genome/GCA_001272575.2_ASM127257v2_genomic
[2018-02-16 11:21:00] Reading known junctions from GTF file
[2018-02-16 11:21:01] Preparing reads
	 left reads: min. length=36, max. length=100, 17387782 kept reads (26 discarded)
	right reads: min. length=36, max. length=100, 17387680 kept reads (128 discarded)
[2018-02-16 11:42:11] Building transcriptome data files SRR1986850_1.fastq_top/tmp/GCA_001272575.2_ASM127257v2_genomic
[2018-02-16 11:42:12] Building Bowtie index from GCA_001272575.2_ASM127257v2_genomic.fa
[2018-02-16 11:42:21] Mapping left_kept_reads to transcriptome GCA_001272575.2_ASM127257v2_genomic with Bowtie2 
[2018-02-16 11:50:23] Mapping right_kept_reads to transcriptome GCA_001272575.2_ASM127257v2_genomic with Bowtie2 
[2018-02-16 11:58:53] Resuming TopHat pipeline with unmapped reads
[2018-02-16 11:58:53] Mapping left_kept_reads.m2g_um to genome GCA_001272575.2_ASM127257v2_genomic with Bowtie2 
[2018-02-16 12:29:16] Mapping left_kept_reads.m2g_um_seg1 to genome GCA_001272575.2_ASM127257v2_genomic with Bowtie2 (1/4)
[2018-02-16 12:32:20] Mapping left_kept_reads.m2g_um_seg2 to genome GCA_001272575.2_ASM127257v2_genomic with Bowtie2 (2/4)
[2018-02-16 12:35:55] Mapping left_kept_reads.m2g_um_seg3 to genome GCA_001272575.2_ASM127257v2_genomic with Bowtie2 (3/4)
[2018-02-16 12:39:30] Mapping left_kept_reads.m2g_um_seg4 to genome GCA_001272575.2_ASM127257v2_genomic with Bowtie2 (4/4)
[2018-02-16 12:43:03] Mapping right_kept_reads.m2g_um to genome GCA_001272575.2_ASM127257v2_genomic with Bowtie2 
[2018-02-16 13:13:47] Mapping right_kept_reads.m2g_um_seg1 to genome GCA_001272575.2_ASM127257v2_genomic with Bowtie2 (1/4)
[2018-02-16 13:18:18] Mapping right_kept_reads.m2g_um_seg2 to genome GCA_001272575.2_ASM127257v2_genomic with Bowtie2 (2/4)
[2018-02-16 13:23:03] Mapping right_kept_reads.m2g_um_seg3 to genome GCA_001272575.2_ASM127257v2_genomic with Bowtie2 (3/4)
[2018-02-16 13:27:39] Mapping right_kept_reads.m2g_um_seg4 to genome GCA_001272575.2_ASM127257v2_genomic with Bowtie2 (4/4)
[2018-02-16 13:32:07] Searching for junctions via segment mapping
[2018-02-16 13:34:08] Retrieving sequences for splices
[2018-02-16 13:34:09] Indexing splices
[2018-02-16 13:34:10] Mapping left_kept_reads.m2g_um_seg1 to genome segment_juncs with Bowtie2 (1/4)
[2018-02-16 13:35:42] Mapping left_kept_reads.m2g_um_seg2 to genome segment_juncs with Bowtie2 (2/4)
[2018-02-16 13:36:49] Mapping left_kept_reads.m2g_um_seg3 to genome segment_juncs with Bowtie2 (3/4)
[2018-02-16 13:38:00] Mapping left_kept_reads.m2g_um_seg4 to genome segment_juncs with Bowtie2 (4/4)
[2018-02-16 13:39:05] Joining segment hits
[2018-02-16 13:39:54] Mapping right_kept_reads.m2g_um_seg1 to genome segment_juncs with Bowtie2 (1/4)
[2018-02-16 13:41:00] Mapping right_kept_reads.m2g_um_seg2 to genome segment_juncs with Bowtie2 (2/4)
[2018-02-16 13:42:08] Mapping right_kept_reads.m2g_um_seg3 to genome segment_juncs with Bowtie2 (3/4)
[2018-02-16 13:43:15] Mapping right_kept_reads.m2g_um_seg4 to genome segment_juncs with Bowtie2 (4/4)
[2018-02-16 13:44:17] Joining segment hits
[2018-02-16 13:45:05] Reporting output tracks
-----------------------------------------------
[2018-02-16 14:10:53] A summary of the alignment counts can be found in SRR1986850_1.fastq_top/align_summary.txt
[2018-02-16 14:10:53] Run complete: 02:49:53 elapsed
