
[2018-03-01 14:44:35] Beginning TopHat run (v2.1.1)
-----------------------------------------------
[2018-03-01 14:44:35] Checking for Bowtie
		  Bowtie version:	 2.3.0.0
[2018-03-01 14:44:35] Checking for Bowtie index files (genome)..
[2018-03-01 14:44:35] Checking for reference FASTA file
[2018-03-01 14:44:35] Generating SAM header for /home/hemstrow/ECL243/project/de_Bekker_2015/genome/NW_011876401.1
[2018-03-01 14:44:38] Reading known junctions from GTF file
[2018-03-01 14:44:43] Preparing reads
	 left reads: min. length=36, max. length=100, 11373357 kept reads (10 discarded)
	right reads: min. length=36, max. length=100, 11373289 kept reads (78 discarded)
[2018-03-01 14:56:48] Building transcriptome data files SRR1986849_1.fastq_top/tmp/NW_011876401.1
[2018-03-01 14:57:09] Building Bowtie index from NW_011876401.1.fa
[2018-03-01 15:03:01] Mapping left_kept_reads to transcriptome NW_011876401.1 with Bowtie2 
[2018-03-01 15:10:50] Mapping right_kept_reads to transcriptome NW_011876401.1 with Bowtie2 
[2018-03-01 15:18:35] Resuming TopHat pipeline with unmapped reads
[2018-03-01 15:18:35] Mapping left_kept_reads.m2g_um to genome NW_011876401.1 with Bowtie2 
[2018-03-01 15:32:12] Mapping left_kept_reads.m2g_um_seg1 to genome NW_011876401.1 with Bowtie2 (1/4)
[2018-03-01 15:35:11] Mapping left_kept_reads.m2g_um_seg2 to genome NW_011876401.1 with Bowtie2 (2/4)
[2018-03-01 15:38:15] Mapping left_kept_reads.m2g_um_seg3 to genome NW_011876401.1 with Bowtie2 (3/4)
[2018-03-01 15:41:12] Mapping left_kept_reads.m2g_um_seg4 to genome NW_011876401.1 with Bowtie2 (4/4)
[2018-03-01 15:44:06] Mapping right_kept_reads.m2g_um to genome NW_011876401.1 with Bowtie2 
[2018-03-01 15:57:27] Mapping right_kept_reads.m2g_um_seg1 to genome NW_011876401.1 with Bowtie2 (1/4)
[2018-03-01 16:00:29] Mapping right_kept_reads.m2g_um_seg2 to genome NW_011876401.1 with Bowtie2 (2/4)
[2018-03-01 16:03:24] Mapping right_kept_reads.m2g_um_seg3 to genome NW_011876401.1 with Bowtie2 (3/4)
[2018-03-01 16:06:25] Mapping right_kept_reads.m2g_um_seg4 to genome NW_011876401.1 with Bowtie2 (4/4)
[2018-03-01 16:09:21] Searching for junctions via segment mapping
[2018-03-01 16:12:28] Retrieving sequences for splices
[2018-03-01 16:12:36] Indexing splices
[2018-03-01 16:12:42] Mapping left_kept_reads.m2g_um_seg1 to genome segment_juncs with Bowtie2 (1/4)
[2018-03-01 16:13:38] Mapping left_kept_reads.m2g_um_seg2 to genome segment_juncs with Bowtie2 (2/4)
[2018-03-01 16:14:41] Mapping left_kept_reads.m2g_um_seg3 to genome segment_juncs with Bowtie2 (3/4)
[2018-03-01 16:15:43] Mapping left_kept_reads.m2g_um_seg4 to genome segment_juncs with Bowtie2 (4/4)
[2018-03-01 16:16:39] Joining segment hits
[2018-03-01 16:18:15] Mapping right_kept_reads.m2g_um_seg1 to genome segment_juncs with Bowtie2 (1/4)
[2018-03-01 16:19:13] Mapping right_kept_reads.m2g_um_seg2 to genome segment_juncs with Bowtie2 (2/4)
[2018-03-01 16:20:08] Mapping right_kept_reads.m2g_um_seg3 to genome segment_juncs with Bowtie2 (3/4)
[2018-03-01 16:21:06] Mapping right_kept_reads.m2g_um_seg4 to genome segment_juncs with Bowtie2 (4/4)
[2018-03-01 16:22:00] Joining segment hits
[2018-03-01 16:23:21] Reporting output tracks
-----------------------------------------------
[2018-03-01 16:36:56] A summary of the alignment counts can be found in SRR1986849_1.fastq_top/align_summary.txt
[2018-03-01 16:36:56] Run complete: 01:52:20 elapsed
