
[2018-03-01 14:44:35] Beginning TopHat run (v2.1.1)
-----------------------------------------------
[2018-03-01 14:44:35] Checking for Bowtie
		  Bowtie version:	 2.3.0.0
[2018-03-01 14:44:35] Checking for Bowtie index files (genome)..
[2018-03-01 14:44:35] Checking for reference FASTA file
[2018-03-01 14:44:35] Generating SAM header for /home/hemstrow/ECL243/project/de_Bekker_2015/genome/NW_011876401.1
[2018-03-01 14:44:37] Reading known junctions from GTF file
[2018-03-01 14:44:42] Preparing reads
	 left reads: min. length=36, max. length=100, 17660151 kept reads (25 discarded)
	right reads: min. length=36, max. length=100, 17660000 kept reads (176 discarded)
[2018-03-01 15:04:12] Building transcriptome data files SRR1986843_1.fastq_top/tmp/NW_011876401.1
[2018-03-01 15:04:20] Building Bowtie index from NW_011876401.1.fa
[2018-03-01 15:10:21] Mapping left_kept_reads to transcriptome NW_011876401.1 with Bowtie2 
[2018-03-01 15:20:51] Mapping right_kept_reads to transcriptome NW_011876401.1 with Bowtie2 
[2018-03-01 15:31:29] Resuming TopHat pipeline with unmapped reads
[2018-03-01 15:31:29] Mapping left_kept_reads.m2g_um to genome NW_011876401.1 with Bowtie2 
[2018-03-01 15:56:43] Mapping left_kept_reads.m2g_um_seg1 to genome NW_011876401.1 with Bowtie2 (1/4)
[2018-03-01 16:02:27] Mapping left_kept_reads.m2g_um_seg2 to genome NW_011876401.1 with Bowtie2 (2/4)
[2018-03-01 16:08:26] Mapping left_kept_reads.m2g_um_seg3 to genome NW_011876401.1 with Bowtie2 (3/4)
[2018-03-01 16:13:26] Mapping left_kept_reads.m2g_um_seg4 to genome NW_011876401.1 with Bowtie2 (4/4)
[2018-03-01 16:17:51] Mapping right_kept_reads.m2g_um to genome NW_011876401.1 with Bowtie2 
[2018-03-01 16:42:48] Mapping right_kept_reads.m2g_um_seg1 to genome NW_011876401.1 with Bowtie2 (1/4)
[2018-03-01 16:47:47] Mapping right_kept_reads.m2g_um_seg2 to genome NW_011876401.1 with Bowtie2 (2/4)
[2018-03-01 16:52:39] Mapping right_kept_reads.m2g_um_seg3 to genome NW_011876401.1 with Bowtie2 (3/4)
[2018-03-01 16:57:40] Mapping right_kept_reads.m2g_um_seg4 to genome NW_011876401.1 with Bowtie2 (4/4)
[2018-03-01 17:01:50] Searching for junctions via segment mapping
[2018-03-01 17:04:45] Retrieving sequences for splices
[2018-03-01 17:04:53] Indexing splices
[2018-03-01 17:05:00] Mapping left_kept_reads.m2g_um_seg1 to genome segment_juncs with Bowtie2 (1/4)
[2018-03-01 17:06:24] Mapping left_kept_reads.m2g_um_seg2 to genome segment_juncs with Bowtie2 (2/4)
[2018-03-01 17:07:48] Mapping left_kept_reads.m2g_um_seg3 to genome segment_juncs with Bowtie2 (3/4)
[2018-03-01 17:09:09] Mapping left_kept_reads.m2g_um_seg4 to genome segment_juncs with Bowtie2 (4/4)
[2018-03-01 17:10:29] Joining segment hits
[2018-03-01 17:11:38] Mapping right_kept_reads.m2g_um_seg1 to genome segment_juncs with Bowtie2 (1/4)
[2018-03-01 17:12:56] Mapping right_kept_reads.m2g_um_seg2 to genome segment_juncs with Bowtie2 (2/4)
[2018-03-01 17:14:14] Mapping right_kept_reads.m2g_um_seg3 to genome segment_juncs with Bowtie2 (3/4)
[2018-03-01 17:15:27] Mapping right_kept_reads.m2g_um_seg4 to genome segment_juncs with Bowtie2 (4/4)
[2018-03-01 17:16:49] Joining segment hits
[2018-03-01 17:17:58] Reporting output tracks
-----------------------------------------------
[2018-03-01 17:36:17] A summary of the alignment counts can be found in SRR1986843_1.fastq_top/align_summary.txt
[2018-03-01 17:36:17] Run complete: 02:51:42 elapsed
