
[2018-02-16 11:20:59] Beginning TopHat run (v2.1.1)
-----------------------------------------------
[2018-02-16 11:20:59] Checking for Bowtie
		  Bowtie version:	 2.3.0.0
[2018-02-16 11:21:00] Checking for Bowtie index files (genome)..
[2018-02-16 11:21:00] Checking for reference FASTA file
[2018-02-16 11:21:00] Generating SAM header for /home/hemstrow/ECL243/project/de_Bekker_2015/genome/GCA_001272575.2_ASM127257v2_genomic
[2018-02-16 11:21:09] Reading known junctions from GTF file
[2018-02-16 11:21:10] Preparing reads
	 left reads: min. length=36, max. length=100, 17213699 kept reads (23 discarded)
	right reads: min. length=36, max. length=100, 17213576 kept reads (146 discarded)
[2018-02-16 11:38:19] Building transcriptome data files SRR1986845_1.fastq_top/tmp/GCA_001272575.2_ASM127257v2_genomic
[2018-02-16 11:38:20] Building Bowtie index from GCA_001272575.2_ASM127257v2_genomic.fa
[2018-02-16 11:38:28] Mapping left_kept_reads to transcriptome GCA_001272575.2_ASM127257v2_genomic with Bowtie2 
[2018-02-16 11:45:52] Mapping right_kept_reads to transcriptome GCA_001272575.2_ASM127257v2_genomic with Bowtie2 
[2018-02-16 11:53:05] Resuming TopHat pipeline with unmapped reads
[2018-02-16 11:53:05] Mapping left_kept_reads.m2g_um to genome GCA_001272575.2_ASM127257v2_genomic with Bowtie2 
[2018-02-16 12:06:50] Mapping left_kept_reads.m2g_um_seg1 to genome GCA_001272575.2_ASM127257v2_genomic with Bowtie2 (1/4)
[2018-02-16 12:07:58] Mapping left_kept_reads.m2g_um_seg2 to genome GCA_001272575.2_ASM127257v2_genomic with Bowtie2 (2/4)
[2018-02-16 12:09:12] Mapping left_kept_reads.m2g_um_seg3 to genome GCA_001272575.2_ASM127257v2_genomic with Bowtie2 (3/4)
[2018-02-16 12:10:32] Mapping left_kept_reads.m2g_um_seg4 to genome GCA_001272575.2_ASM127257v2_genomic with Bowtie2 (4/4)
[2018-02-16 12:11:37] Mapping right_kept_reads.m2g_um to genome GCA_001272575.2_ASM127257v2_genomic with Bowtie2 
[2018-02-16 12:25:29] Mapping right_kept_reads.m2g_um_seg1 to genome GCA_001272575.2_ASM127257v2_genomic with Bowtie2 (1/4)
[2018-02-16 12:26:37] Mapping right_kept_reads.m2g_um_seg2 to genome GCA_001272575.2_ASM127257v2_genomic with Bowtie2 (2/4)
[2018-02-16 12:27:55] Mapping right_kept_reads.m2g_um_seg3 to genome GCA_001272575.2_ASM127257v2_genomic with Bowtie2 (3/4)
[2018-02-16 12:29:06] Mapping right_kept_reads.m2g_um_seg4 to genome GCA_001272575.2_ASM127257v2_genomic with Bowtie2 (4/4)
[2018-02-16 12:30:20] Searching for junctions via segment mapping
[2018-02-16 12:32:17] Retrieving sequences for splices
[2018-02-16 12:32:18] Indexing splices
[2018-02-16 12:32:20] Mapping left_kept_reads.m2g_um_seg1 to genome segment_juncs with Bowtie2 (1/4)
[2018-02-16 12:32:47] Mapping left_kept_reads.m2g_um_seg2 to genome segment_juncs with Bowtie2 (2/4)
[2018-02-16 12:33:20] Mapping left_kept_reads.m2g_um_seg3 to genome segment_juncs with Bowtie2 (3/4)
[2018-02-16 12:33:44] Mapping left_kept_reads.m2g_um_seg4 to genome segment_juncs with Bowtie2 (4/4)
[2018-02-16 12:34:05] Joining segment hits
[2018-02-16 12:34:31] Mapping right_kept_reads.m2g_um_seg1 to genome segment_juncs with Bowtie2 (1/4)
[2018-02-16 12:35:02] Mapping right_kept_reads.m2g_um_seg2 to genome segment_juncs with Bowtie2 (2/4)
[2018-02-16 12:35:26] Mapping right_kept_reads.m2g_um_seg3 to genome segment_juncs with Bowtie2 (3/4)
[2018-02-16 12:35:49] Mapping right_kept_reads.m2g_um_seg4 to genome segment_juncs with Bowtie2 (4/4)
[2018-02-16 12:36:12] Joining segment hits
[2018-02-16 12:36:41] Reporting output tracks
-----------------------------------------------
[2018-02-16 12:58:17] A summary of the alignment counts can be found in SRR1986845_1.fastq_top/align_summary.txt
[2018-02-16 12:58:17] Run complete: 01:37:17 elapsed
