
[2018-03-01 14:44:35] Beginning TopHat run (v2.1.1)
-----------------------------------------------
[2018-03-01 14:44:35] Checking for Bowtie
		  Bowtie version:	 2.3.0.0
[2018-03-01 14:44:35] Checking for Bowtie index files (genome)..
[2018-03-01 14:44:35] Checking for reference FASTA file
[2018-03-01 14:44:35] Generating SAM header for /home/hemstrow/ECL243/project/de_Bekker_2015/genome/NW_011876401.1
[2018-03-01 14:44:38] Reading known junctions from GTF file
[2018-03-01 14:44:41] Preparing reads
	 left reads: min. length=36, max. length=100, 16832734 kept reads (25 discarded)
	right reads: min. length=36, max. length=100, 16832620 kept reads (139 discarded)
[2018-03-01 15:02:35] Building transcriptome data files SRR1986852_1.fastq_top/tmp/NW_011876401.1
[2018-03-01 15:02:39] Building Bowtie index from NW_011876401.1.fa
[2018-03-01 15:06:57] Mapping left_kept_reads to transcriptome NW_011876401.1 with Bowtie2 
[2018-03-01 15:16:22] Mapping right_kept_reads to transcriptome NW_011876401.1 with Bowtie2 
[2018-03-01 15:25:45] Resuming TopHat pipeline with unmapped reads
[2018-03-01 15:25:45] Mapping left_kept_reads.m2g_um to genome NW_011876401.1 with Bowtie2 
[2018-03-01 15:41:30] Mapping left_kept_reads.m2g_um_seg1 to genome NW_011876401.1 with Bowtie2 (1/4)
[2018-03-01 15:45:05] Mapping left_kept_reads.m2g_um_seg2 to genome NW_011876401.1 with Bowtie2 (2/4)
[2018-03-01 15:49:04] Mapping left_kept_reads.m2g_um_seg3 to genome NW_011876401.1 with Bowtie2 (3/4)
[2018-03-01 15:52:58] Mapping left_kept_reads.m2g_um_seg4 to genome NW_011876401.1 with Bowtie2 (4/4)
[2018-03-01 15:56:41] Mapping right_kept_reads.m2g_um to genome NW_011876401.1 with Bowtie2 
[2018-03-01 16:11:36] Mapping right_kept_reads.m2g_um_seg1 to genome NW_011876401.1 with Bowtie2 (1/4)
[2018-03-01 16:15:14] Mapping right_kept_reads.m2g_um_seg2 to genome NW_011876401.1 with Bowtie2 (2/4)
[2018-03-01 16:19:09] Mapping right_kept_reads.m2g_um_seg3 to genome NW_011876401.1 with Bowtie2 (3/4)
[2018-03-01 16:22:59] Mapping right_kept_reads.m2g_um_seg4 to genome NW_011876401.1 with Bowtie2 (4/4)
[2018-03-01 16:26:39] Searching for junctions via segment mapping
[2018-03-01 16:29:43] Retrieving sequences for splices
[2018-03-01 16:29:50] Indexing splices
[2018-03-01 16:29:55] Mapping left_kept_reads.m2g_um_seg1 to genome segment_juncs with Bowtie2 (1/4)
[2018-03-01 16:30:57] Mapping left_kept_reads.m2g_um_seg2 to genome segment_juncs with Bowtie2 (2/4)
[2018-03-01 16:32:04] Mapping left_kept_reads.m2g_um_seg3 to genome segment_juncs with Bowtie2 (3/4)
[2018-03-01 16:33:08] Mapping left_kept_reads.m2g_um_seg4 to genome segment_juncs with Bowtie2 (4/4)
[2018-03-01 16:34:09] Joining segment hits
[2018-03-01 16:35:37] Mapping right_kept_reads.m2g_um_seg1 to genome segment_juncs with Bowtie2 (1/4)
[2018-03-01 16:36:42] Mapping right_kept_reads.m2g_um_seg2 to genome segment_juncs with Bowtie2 (2/4)
[2018-03-01 16:37:44] Mapping right_kept_reads.m2g_um_seg3 to genome segment_juncs with Bowtie2 (3/4)
[2018-03-01 16:38:52] Mapping right_kept_reads.m2g_um_seg4 to genome segment_juncs with Bowtie2 (4/4)
[2018-03-01 16:39:49] Joining segment hits
[2018-03-01 16:41:15] Reporting output tracks
-----------------------------------------------
[2018-03-01 16:55:10] A summary of the alignment counts can be found in SRR1986852_1.fastq_top/align_summary.txt
[2018-03-01 16:55:10] Run complete: 02:10:35 elapsed
