
[2018-03-01 14:44:35] Beginning TopHat run (v2.1.1)
-----------------------------------------------
[2018-03-01 14:44:35] Checking for Bowtie
		  Bowtie version:	 2.3.0.0
[2018-03-01 14:44:35] Checking for Bowtie index files (genome)..
[2018-03-01 14:44:35] Checking for reference FASTA file
[2018-03-01 14:44:35] Generating SAM header for /home/hemstrow/ECL243/project/de_Bekker_2015/genome/NW_011876401.1
[2018-03-01 14:44:38] Reading known junctions from GTF file
[2018-03-01 14:44:41] Preparing reads
	 left reads: min. length=36, max. length=100, 19682773 kept reads (31 discarded)
	right reads: min. length=36, max. length=100, 19682639 kept reads (165 discarded)
[2018-03-01 15:01:49] Building transcriptome data files SRR1986851_1.fastq_top/tmp/NW_011876401.1
[2018-03-01 15:01:54] Building Bowtie index from NW_011876401.1.fa
[2018-03-01 15:05:55] Mapping left_kept_reads to transcriptome NW_011876401.1 with Bowtie2 
[2018-03-01 15:16:41] Mapping right_kept_reads to transcriptome NW_011876401.1 with Bowtie2 
[2018-03-01 15:26:59] Resuming TopHat pipeline with unmapped reads
[2018-03-01 15:26:59] Mapping left_kept_reads.m2g_um to genome NW_011876401.1 with Bowtie2 
[2018-03-01 15:44:34] Mapping left_kept_reads.m2g_um_seg1 to genome NW_011876401.1 with Bowtie2 (1/4)
[2018-03-01 15:48:32] Mapping left_kept_reads.m2g_um_seg2 to genome NW_011876401.1 with Bowtie2 (2/4)
[2018-03-01 15:52:53] Mapping left_kept_reads.m2g_um_seg3 to genome NW_011876401.1 with Bowtie2 (3/4)
[2018-03-01 15:58:29] Mapping left_kept_reads.m2g_um_seg4 to genome NW_011876401.1 with Bowtie2 (4/4)
[2018-03-01 16:02:33] Mapping right_kept_reads.m2g_um to genome NW_011876401.1 with Bowtie2 
[2018-03-01 16:19:38] Mapping right_kept_reads.m2g_um_seg1 to genome NW_011876401.1 with Bowtie2 (1/4)
[2018-03-01 16:23:49] Mapping right_kept_reads.m2g_um_seg2 to genome NW_011876401.1 with Bowtie2 (2/4)
[2018-03-01 16:28:27] Mapping right_kept_reads.m2g_um_seg3 to genome NW_011876401.1 with Bowtie2 (3/4)
[2018-03-01 16:32:35] Mapping right_kept_reads.m2g_um_seg4 to genome NW_011876401.1 with Bowtie2 (4/4)
[2018-03-01 16:36:28] Searching for junctions via segment mapping
[2018-03-01 16:39:54] Retrieving sequences for splices
[2018-03-01 16:39:59] Indexing splices
[2018-03-01 16:40:04] Mapping left_kept_reads.m2g_um_seg1 to genome segment_juncs with Bowtie2 (1/4)
[2018-03-01 16:41:17] Mapping left_kept_reads.m2g_um_seg2 to genome segment_juncs with Bowtie2 (2/4)
[2018-03-01 16:42:37] Mapping left_kept_reads.m2g_um_seg3 to genome segment_juncs with Bowtie2 (3/4)
[2018-03-01 16:43:56] Mapping left_kept_reads.m2g_um_seg4 to genome segment_juncs with Bowtie2 (4/4)
[2018-03-01 16:45:10] Joining segment hits
[2018-03-01 16:46:44] Mapping right_kept_reads.m2g_um_seg1 to genome segment_juncs with Bowtie2 (1/4)
[2018-03-01 16:47:53] Mapping right_kept_reads.m2g_um_seg2 to genome segment_juncs with Bowtie2 (2/4)
[2018-03-01 16:49:09] Mapping right_kept_reads.m2g_um_seg3 to genome segment_juncs with Bowtie2 (3/4)
[2018-03-01 16:50:25] Mapping right_kept_reads.m2g_um_seg4 to genome segment_juncs with Bowtie2 (4/4)
[2018-03-01 16:51:35] Joining segment hits
[2018-03-01 16:53:05] Reporting output tracks
-----------------------------------------------
[2018-03-01 17:08:41] A summary of the alignment counts can be found in SRR1986851_1.fastq_top/align_summary.txt
[2018-03-01 17:08:41] Run complete: 02:24:05 elapsed
