
[2018-02-16 11:21:00] Beginning TopHat run (v2.1.1)
-----------------------------------------------
[2018-02-16 11:21:00] Checking for Bowtie
		  Bowtie version:	 2.3.0.0
[2018-02-16 11:21:00] Checking for Bowtie index files (genome)..
[2018-02-16 11:21:00] Checking for reference FASTA file
[2018-02-16 11:21:00] Generating SAM header for /home/hemstrow/ECL243/project/de_Bekker_2015/genome/GCA_001272575.2_ASM127257v2_genomic
[2018-02-16 11:21:00] Reading known junctions from GTF file
[2018-02-16 11:21:01] Preparing reads
	 left reads: min. length=36, max. length=100, 19777721 kept reads (51 discarded)
	right reads: min. length=36, max. length=100, 19777515 kept reads (257 discarded)
[2018-02-16 11:45:56] Building transcriptome data files SRR1986856_1.fastq_top/tmp/GCA_001272575.2_ASM127257v2_genomic
[2018-02-16 11:45:57] Building Bowtie index from GCA_001272575.2_ASM127257v2_genomic.fa
[2018-02-16 11:46:07] Mapping left_kept_reads to transcriptome GCA_001272575.2_ASM127257v2_genomic with Bowtie2 
[2018-02-16 11:56:46] Mapping right_kept_reads to transcriptome GCA_001272575.2_ASM127257v2_genomic with Bowtie2 
[2018-02-16 12:08:13] Resuming TopHat pipeline with unmapped reads
[2018-02-16 12:08:13] Mapping left_kept_reads.m2g_um to genome GCA_001272575.2_ASM127257v2_genomic with Bowtie2 
[2018-02-16 12:20:25] Mapping left_kept_reads.m2g_um_seg1 to genome GCA_001272575.2_ASM127257v2_genomic with Bowtie2 (1/4)
[2018-02-16 12:21:24] Mapping left_kept_reads.m2g_um_seg2 to genome GCA_001272575.2_ASM127257v2_genomic with Bowtie2 (2/4)
[2018-02-16 12:22:33] Mapping left_kept_reads.m2g_um_seg3 to genome GCA_001272575.2_ASM127257v2_genomic with Bowtie2 (3/4)
[2018-02-16 12:23:37] Mapping left_kept_reads.m2g_um_seg4 to genome GCA_001272575.2_ASM127257v2_genomic with Bowtie2 (4/4)
[2018-02-16 12:24:35] Mapping right_kept_reads.m2g_um to genome GCA_001272575.2_ASM127257v2_genomic with Bowtie2 
[2018-02-16 12:37:39] Mapping right_kept_reads.m2g_um_seg1 to genome GCA_001272575.2_ASM127257v2_genomic with Bowtie2 (1/4)
[2018-02-16 12:38:53] Mapping right_kept_reads.m2g_um_seg2 to genome GCA_001272575.2_ASM127257v2_genomic with Bowtie2 (2/4)
[2018-02-16 12:40:12] Mapping right_kept_reads.m2g_um_seg3 to genome GCA_001272575.2_ASM127257v2_genomic with Bowtie2 (3/4)
[2018-02-16 12:41:27] Mapping right_kept_reads.m2g_um_seg4 to genome GCA_001272575.2_ASM127257v2_genomic with Bowtie2 (4/4)
[2018-02-16 12:42:31] Searching for junctions via segment mapping
[2018-02-16 12:45:42] Retrieving sequences for splices
[2018-02-16 12:45:44] Indexing splices
[2018-02-16 12:45:47] Mapping left_kept_reads.m2g_um_seg1 to genome segment_juncs with Bowtie2 (1/4)
[2018-02-16 12:46:16] Mapping left_kept_reads.m2g_um_seg2 to genome segment_juncs with Bowtie2 (2/4)
[2018-02-16 12:46:48] Mapping left_kept_reads.m2g_um_seg3 to genome segment_juncs with Bowtie2 (3/4)
[2018-02-16 12:47:23] Mapping left_kept_reads.m2g_um_seg4 to genome segment_juncs with Bowtie2 (4/4)
[2018-02-16 12:47:50] Joining segment hits
[2018-02-16 12:48:36] Mapping right_kept_reads.m2g_um_seg1 to genome segment_juncs with Bowtie2 (1/4)
[2018-02-16 12:49:10] Mapping right_kept_reads.m2g_um_seg2 to genome segment_juncs with Bowtie2 (2/4)
[2018-02-16 12:49:46] Mapping right_kept_reads.m2g_um_seg3 to genome segment_juncs with Bowtie2 (3/4)
[2018-02-16 12:50:23] Mapping right_kept_reads.m2g_um_seg4 to genome segment_juncs with Bowtie2 (4/4)
[2018-02-16 12:50:53] Joining segment hits
[2018-02-16 12:51:49] Reporting output tracks
-----------------------------------------------
[2018-02-16 13:22:14] A summary of the alignment counts can be found in SRR1986856_1.fastq_top/align_summary.txt
[2018-02-16 13:22:14] Run complete: 02:01:14 elapsed
