
[2018-02-16 11:21:00] Beginning TopHat run (v2.1.1)
-----------------------------------------------
[2018-02-16 11:21:00] Checking for Bowtie
		  Bowtie version:	 2.3.0.0
[2018-02-16 11:21:00] Checking for Bowtie index files (genome)..
[2018-02-16 11:21:00] Checking for reference FASTA file
[2018-02-16 11:21:00] Generating SAM header for /home/hemstrow/ECL243/project/de_Bekker_2015/genome/GCA_001272575.2_ASM127257v2_genomic
[2018-02-16 11:21:00] Reading known junctions from GTF file
[2018-02-16 11:21:01] Preparing reads
	 left reads: min. length=36, max. length=100, 17915493 kept reads (46 discarded)
	right reads: min. length=36, max. length=100, 17915341 kept reads (198 discarded)
[2018-02-16 11:42:12] Building transcriptome data files SRR1986857_1.fastq_top/tmp/GCA_001272575.2_ASM127257v2_genomic
[2018-02-16 11:42:14] Building Bowtie index from GCA_001272575.2_ASM127257v2_genomic.fa
[2018-02-16 11:42:23] Mapping left_kept_reads to transcriptome GCA_001272575.2_ASM127257v2_genomic with Bowtie2 
[2018-02-16 11:50:24] Mapping right_kept_reads to transcriptome GCA_001272575.2_ASM127257v2_genomic with Bowtie2 
[2018-02-16 11:58:24] Resuming TopHat pipeline with unmapped reads
[2018-02-16 11:58:24] Mapping left_kept_reads.m2g_um to genome GCA_001272575.2_ASM127257v2_genomic with Bowtie2 
[2018-02-16 12:08:10] Mapping left_kept_reads.m2g_um_seg1 to genome GCA_001272575.2_ASM127257v2_genomic with Bowtie2 (1/4)
[2018-02-16 12:08:59] Mapping left_kept_reads.m2g_um_seg2 to genome GCA_001272575.2_ASM127257v2_genomic with Bowtie2 (2/4)
[2018-02-16 12:09:53] Mapping left_kept_reads.m2g_um_seg3 to genome GCA_001272575.2_ASM127257v2_genomic with Bowtie2 (3/4)
[2018-02-16 12:10:44] Mapping left_kept_reads.m2g_um_seg4 to genome GCA_001272575.2_ASM127257v2_genomic with Bowtie2 (4/4)
[2018-02-16 12:11:27] Mapping right_kept_reads.m2g_um to genome GCA_001272575.2_ASM127257v2_genomic with Bowtie2 
[2018-02-16 12:21:44] Mapping right_kept_reads.m2g_um_seg1 to genome GCA_001272575.2_ASM127257v2_genomic with Bowtie2 (1/4)
[2018-02-16 12:22:36] Mapping right_kept_reads.m2g_um_seg2 to genome GCA_001272575.2_ASM127257v2_genomic with Bowtie2 (2/4)
[2018-02-16 12:23:31] Mapping right_kept_reads.m2g_um_seg3 to genome GCA_001272575.2_ASM127257v2_genomic with Bowtie2 (3/4)
[2018-02-16 12:24:28] Mapping right_kept_reads.m2g_um_seg4 to genome GCA_001272575.2_ASM127257v2_genomic with Bowtie2 (4/4)
[2018-02-16 12:25:17] Searching for junctions via segment mapping
[2018-02-16 12:27:31] Retrieving sequences for splices
[2018-02-16 12:27:32] Indexing splices
[2018-02-16 12:27:35] Mapping left_kept_reads.m2g_um_seg1 to genome segment_juncs with Bowtie2 (1/4)
[2018-02-16 12:27:54] Mapping left_kept_reads.m2g_um_seg2 to genome segment_juncs with Bowtie2 (2/4)
[2018-02-16 12:28:13] Mapping left_kept_reads.m2g_um_seg3 to genome segment_juncs with Bowtie2 (3/4)
[2018-02-16 12:28:30] Mapping left_kept_reads.m2g_um_seg4 to genome segment_juncs with Bowtie2 (4/4)
[2018-02-16 12:28:46] Joining segment hits
[2018-02-16 12:29:20] Mapping right_kept_reads.m2g_um_seg1 to genome segment_juncs with Bowtie2 (1/4)
[2018-02-16 12:29:44] Mapping right_kept_reads.m2g_um_seg2 to genome segment_juncs with Bowtie2 (2/4)
[2018-02-16 12:30:03] Mapping right_kept_reads.m2g_um_seg3 to genome segment_juncs with Bowtie2 (3/4)
[2018-02-16 12:30:27] Mapping right_kept_reads.m2g_um_seg4 to genome segment_juncs with Bowtie2 (4/4)
[2018-02-16 12:30:42] Joining segment hits
[2018-02-16 12:31:15] Reporting output tracks
-----------------------------------------------
[2018-02-16 12:58:21] A summary of the alignment counts can be found in SRR1986857_1.fastq_top/align_summary.txt
[2018-02-16 12:58:21] Run complete: 01:37:21 elapsed
