
[2018-02-16 11:20:59] Beginning TopHat run (v2.1.1)
-----------------------------------------------
[2018-02-16 11:20:59] Checking for Bowtie
		  Bowtie version:	 2.3.0.0
[2018-02-16 11:20:59] Checking for Bowtie index files (genome)..
[2018-02-16 11:20:59] Checking for reference FASTA file
[2018-02-16 11:20:59] Generating SAM header for /home/hemstrow/ECL243/project/de_Bekker_2015/genome/GCA_001272575.2_ASM127257v2_genomic
[2018-02-16 11:21:00] Reading known junctions from GTF file
[2018-02-16 11:21:00] Preparing reads
	 left reads: min. length=36, max. length=100, 17660151 kept reads (25 discarded)
	right reads: min. length=36, max. length=100, 17660000 kept reads (176 discarded)
[2018-02-16 11:39:14] Building transcriptome data files SRR1986843_1.fastq_top/tmp/GCA_001272575.2_ASM127257v2_genomic
[2018-02-16 11:39:15] Building Bowtie index from GCA_001272575.2_ASM127257v2_genomic.fa
[2018-02-16 11:39:23] Mapping left_kept_reads to transcriptome GCA_001272575.2_ASM127257v2_genomic with Bowtie2 
[2018-02-16 11:46:22] Mapping right_kept_reads to transcriptome GCA_001272575.2_ASM127257v2_genomic with Bowtie2 
[2018-02-16 11:53:25] Resuming TopHat pipeline with unmapped reads
[2018-02-16 11:53:25] Mapping left_kept_reads.m2g_um to genome GCA_001272575.2_ASM127257v2_genomic with Bowtie2 
[2018-02-16 12:10:53] Mapping left_kept_reads.m2g_um_seg1 to genome GCA_001272575.2_ASM127257v2_genomic with Bowtie2 (1/4)
[2018-02-16 12:12:35] Mapping left_kept_reads.m2g_um_seg2 to genome GCA_001272575.2_ASM127257v2_genomic with Bowtie2 (2/4)
[2018-02-16 12:14:23] Mapping left_kept_reads.m2g_um_seg3 to genome GCA_001272575.2_ASM127257v2_genomic with Bowtie2 (3/4)
[2018-02-16 12:16:02] Mapping left_kept_reads.m2g_um_seg4 to genome GCA_001272575.2_ASM127257v2_genomic with Bowtie2 (4/4)
[2018-02-16 12:17:46] Mapping right_kept_reads.m2g_um to genome GCA_001272575.2_ASM127257v2_genomic with Bowtie2 
[2018-02-16 12:35:11] Mapping right_kept_reads.m2g_um_seg1 to genome GCA_001272575.2_ASM127257v2_genomic with Bowtie2 (1/4)
[2018-02-16 12:36:47] Mapping right_kept_reads.m2g_um_seg2 to genome GCA_001272575.2_ASM127257v2_genomic with Bowtie2 (2/4)
[2018-02-16 12:38:29] Mapping right_kept_reads.m2g_um_seg3 to genome GCA_001272575.2_ASM127257v2_genomic with Bowtie2 (3/4)
[2018-02-16 12:40:13] Mapping right_kept_reads.m2g_um_seg4 to genome GCA_001272575.2_ASM127257v2_genomic with Bowtie2 (4/4)
[2018-02-16 12:41:40] Searching for junctions via segment mapping
[2018-02-16 12:43:27] Retrieving sequences for splices
[2018-02-16 12:43:28] Indexing splices
[2018-02-16 12:43:30] Mapping left_kept_reads.m2g_um_seg1 to genome segment_juncs with Bowtie2 (1/4)
[2018-02-16 12:44:10] Mapping left_kept_reads.m2g_um_seg2 to genome segment_juncs with Bowtie2 (2/4)
[2018-02-16 12:44:44] Mapping left_kept_reads.m2g_um_seg3 to genome segment_juncs with Bowtie2 (3/4)
[2018-02-16 12:45:22] Mapping left_kept_reads.m2g_um_seg4 to genome segment_juncs with Bowtie2 (4/4)
[2018-02-16 12:45:53] Joining segment hits
[2018-02-16 12:46:20] Mapping right_kept_reads.m2g_um_seg1 to genome segment_juncs with Bowtie2 (1/4)
[2018-02-16 12:47:03] Mapping right_kept_reads.m2g_um_seg2 to genome segment_juncs with Bowtie2 (2/4)
[2018-02-16 12:47:43] Mapping right_kept_reads.m2g_um_seg3 to genome segment_juncs with Bowtie2 (3/4)
[2018-02-16 12:48:19] Mapping right_kept_reads.m2g_um_seg4 to genome segment_juncs with Bowtie2 (4/4)
[2018-02-16 12:48:53] Joining segment hits
[2018-02-16 12:49:21] Reporting output tracks
-----------------------------------------------
[2018-02-16 13:11:22] A summary of the alignment counts can be found in SRR1986843_1.fastq_top/align_summary.txt
[2018-02-16 13:11:22] Run complete: 01:50:22 elapsed
