tophat_reports v2.0.9 ()
---------------------------------------
[samopen] SAM header is present: 2536 sequences.
	Loading LAZP02000001.1...done
	Loading LAZP02000010.1...done
	Loading LAZP02000100.1...done
	Loading LAZP02000999.1...done
	Loading LAZP02001000.1...done
	Loading LAZP02001001.1...done
	Loading LAZP02001002.1...done
	Loading LAZP02001003.1...done
	Loading LAZP02001004.1...done
	Loading LAZP02001005.1...done
	Loading LAZP02001006.1...done
	Loading LAZP02001007.1...done
	Loading LAZP02001008.1...done
	Loading LAZP02000101.1...done
	Loading LAZP02001009.1...done
	Loading LAZP02001010.1...done
	Loading LAZP02001011.1...done
	Loading LAZP02001012.1...done
	Loading LAZP02001013.1...done
	Loading LAZP02001014.1...done
	Loading LAZP02001015.1...done
	Loading LAZP02001016.1...done
	Loading LAZP02001017.1...done
	Loading LAZP02001018.1...done
	Loading LAZP02000102.1...done
	Loading LAZP02001019.1...done
	Loading LAZP02001020.1...done
	Loading LAZP02001021.1...done
	Loading LAZP02001022.1...done
	Loading LAZP02001023.1...done
	Loading LAZP02001024.1...done
	Loading LAZP02001025.1...done
	Loading LAZP02001026.1...done
	Loading LAZP02001027.1...done
	Loading LAZP02001028.1...done
	Loading LAZP02000103.1...done
	Loading LAZP02001029.1...done
	Loading LAZP02001030.1...done
	Loading LAZP02001031.1...done
	Loading LAZP02001032.1...done
	Loading LAZP02001033.1...done
	Loading LAZP02001034.1...done
	Loading LAZP02001035.1...done
	Loading LAZP02001036.1...done
	Loading LAZP02001037.1...done
	Loading LAZP02001038.1...done
	Loading LAZP02000104.1...done
	Loading LAZP02001039.1...done
	Loading LAZP02001040.1...done
	Loading LAZP02001041.1...done
	Loading LAZP02001042.1...done
	Loading LAZP02001043.1...done
	Loading LAZP02001044.1...done
	Loading LAZP02001045.1...done
	Loading LAZP02001046.1...done
	Loading LAZP02001047.1...done
	Loading LAZP02001048.1...done
	Loading LAZP02000105.1...done
	Loading LAZP02001049.1...done
	Loading LAZP02001050.1...done
	Loading LAZP02001051.1...done
	Loading LAZP02001052.1...done
	Loading LAZP02001053.1...done
	Loading LAZP02001054.1...done
	Loading LAZP02001055.1...done
	Loading LAZP02001056.1...done
	Loading LAZP02001057.1...done
	Loading LAZP02001058.1...done
	Loading LAZP02000106.1...done
	Loading LAZP02001059.1...done
	Loading LAZP02001060.1...done
	Loading LAZP02001061.1...done
	Loading LAZP02001062.1...done
	Loading LAZP02001063.1...done
	Loading LAZP02001064.1...done
	Loading LAZP02001065.1...done
	Loading LAZP02001066.1...done
	Loading LAZP02001067.1...done
	Loading LAZP02001068.1...done
	Loading LAZP02000107.1...done
	Loading LAZP02001069.1...done
	Loading LAZP02001070.1...done
	Loading LAZP02001071.1...done
	Loading LAZP02001072.1...done
	Loading LAZP02001073.1...done
	Loading LAZP02001074.1...done
	Loading LAZP02001075.1...done
	Loading LAZP02001076.1...done
	Loading LAZP02001077.1...done
	Loading LAZP02001078.1...done
	Loading LAZP02000108.1...done
	Loading LAZP02001079.1...done
	Loading LAZP02001080.1...done
	Loading LAZP02001081.1...done
	Loading LAZP02001082.1...done
	Loading LAZP02001083.1...done
	Loading LAZP02001084.1...done
	Loading LAZP02001085.1...done
	Loading LAZP02001086.1...done
	Loading LAZP02001087.1...done
	Loading LAZP02001088.1...done
	Loading LAZP02000109.1...done
	Loading LAZP02001089.1...done
	Loading LAZP02001090.1...done
	Loading LAZP02001091.1...done
	Loading LAZP02001092.1...done
	Loading LAZP02001093.1...done
	Loading LAZP02001094.1...done
	Loading LAZP02001095.1...done
	Loading LAZP02001096.1...done
	Loading LAZP02001097.1...done
	Loading LAZP02001098.1...done
	Loading LAZP02000011.1...done
	Loading LAZP02000110.1...done
	Loading LAZP02001099.1...done
	Loading LAZP02001100.1...done
	Loading LAZP02001101.1...done
	Loading LAZP02001102.1...done
	Loading LAZP02001103.1...done
	Loading LAZP02001104.1...done
	Loading LAZP02001105.1...done
	Loading LAZP02001106.1...done
	Loading LAZP02001107.1...done
	Loading LAZP02001108.1...done
	Loading LAZP02000111.1...done
	Loading LAZP02001109.1...done
	Loading LAZP02001110.1...done
	Loading LAZP02001111.1...done
	Loading LAZP02001112.1...done
	Loading LAZP02001113.1...done
	Loading LAZP02001114.1...done
	Loading LAZP02001115.1...done
	Loading LAZP02001116.1...done
	Loading LAZP02001117.1...done
	Loading LAZP02001118.1...done
	Loading LAZP02000112.1...done
	Loading LAZP02001119.1...done
	Loading LAZP02001120.1...done
	Loading LAZP02001121.1...done
	Loading LAZP02001122.1...done
	Loading LAZP02001123.1...done
	Loading LAZP02001124.1...done
	Loading LAZP02001125.1...done
	Loading LAZP02001126.1...done
	Loading LAZP02001127.1...done
	Loading LAZP02001128.1...done
	Loading LAZP02000113.1...done
	Loading LAZP02001129.1...done
	Loading LAZP02001130.1...done
	Loading LAZP02001131.1...done
	Loading LAZP02001132.1...done
	Loading LAZP02001133.1...done
	Loading LAZP02001134.1...done
	Loading LAZP02001135.1...done
	Loading LAZP02001136.1...done
	Loading LAZP02001137.1...done
	Loading LAZP02001138.1...done
	Loading LAZP02000114.1...done
	Loading LAZP02001139.1...done
	Loading LAZP02001140.1...done
	Loading LAZP02001141.1...done
	Loading LAZP02001142.1...done
	Loading LAZP02001143.1...done
	Loading LAZP02001144.1...done
	Loading LAZP02001145.1...done
	Loading LAZP02001146.1...done
	Loading LAZP02001147.1...done
	Loading LAZP02001148.1...done
	Loading LAZP02000115.1...done
	Loading LAZP02001149.1...done
	Loading LAZP02001150.1...done
	Loading LAZP02001151.1...done
	Loading LAZP02001152.1...done
	Loading LAZP02001153.1...done
	Loading LAZP02001154.1...done
	Loading LAZP02001155.1...done
	Loading LAZP02001156.1...done
	Loading LAZP02001157.1...done
	Loading LAZP02001158.1...done
	Loading LAZP02000116.1...done
	Loading LAZP02001159.1...done
	Loading LAZP02001160.1...done
	Loading LAZP02001161.1...done
	Loading LAZP02001162.1...done
	Loading LAZP02001163.1...done
	Loading LAZP02001164.1...done
	Loading LAZP02001165.1...done
	Loading LAZP02001166.1...done
	Loading LAZP02001167.1...done
	Loading LAZP02001168.1...done
	Loading LAZP02000117.1...done
	Loading LAZP02001169.1...done
	Loading LAZP02001170.1...done
	Loading LAZP02001171.1...done
	Loading LAZP02001172.1...done
	Loading LAZP02001173.1...done
	Loading LAZP02001174.1...done
	Loading LAZP02001175.1...done
	Loading LAZP02001176.1...done
	Loading LAZP02001177.1...done
	Loading LAZP02001178.1...done
	Loading LAZP02000118.1...done
	Loading LAZP02001179.1...done
	Loading LAZP02001180.1...done
	Loading LAZP02001181.1...done
	Loading LAZP02001182.1...done
	Loading LAZP02001183.1...done
	Loading LAZP02001184.1...done
	Loading LAZP02001185.1...done
	Loading LAZP02001186.1...done
	Loading LAZP02001187.1...done
	Loading LAZP02001188.1...done
	Loading LAZP02000119.1...done
	Loading LAZP02001189.1...done
	Loading LAZP02001190.1...done
	Loading LAZP02001191.1...done
	Loading LAZP02001192.1...done
	Loading LAZP02001193.1...done
	Loading LAZP02001194.1...done
	Loading LAZP02001195.1...done
	Loading LAZP02001196.1...done
	Loading LAZP02001197.1...done
	Loading LAZP02001198.1...done
	Loading LAZP02000012.1...done
	Loading LAZP02000120.1...done
	Loading LAZP02001199.1...done
	Loading LAZP02001200.1...done
	Loading LAZP02001201.1...done
	Loading LAZP02001202.1...done
	Loading LAZP02001203.1...done
	Loading LAZP02001204.1...done
	Loading LAZP02001205.1...done
	Loading LAZP02001206.1...done
	Loading LAZP02001207.1...done
	Loading LAZP02001208.1...done
	Loading LAZP02000121.1...done
	Loading LAZP02001209.1...done
	Loading LAZP02001210.1...done
	Loading LAZP02001211.1...done
	Loading LAZP02001212.1...done
	Loading LAZP02001213.1...done
	Loading LAZP02001214.1...done
	Loading LAZP02001215.1...done
	Loading LAZP02001216.1...done
	Loading LAZP02001217.1...done
	Loading LAZP02001218.1...done
	Loading LAZP02000122.1...done
	Loading LAZP02001219.1...done
	Loading LAZP02001220.1...done
	Loading LAZP02001221.1...done
	Loading LAZP02001222.1...done
	Loading LAZP02001223.1...done
	Loading LAZP02001224.1...done
	Loading LAZP02001225.1...done
	Loading LAZP02001226.1...done
	Loading LAZP02001227.1...done
	Loading LAZP02001228.1...done
	Loading LAZP02000123.1...done
	Loading LAZP02001229.1...done
	Loading LAZP02001230.1...done
	Loading LAZP02001231.1...done
	Loading LAZP02001232.1...done
	Loading LAZP02001233.1...done
	Loading LAZP02001234.1...done
	Loading LAZP02001235.1...done
	Loading LAZP02001236.1...done
	Loading LAZP02001237.1...done
	Loading LAZP02001238.1...done
	Loading LAZP02000124.1...done
	Loading LAZP02001239.1...done
	Loading LAZP02001240.1...done
	Loading LAZP02001241.1...done
	Loading LAZP02001242.1...done
	Loading LAZP02001243.1...done
	Loading LAZP02001244.1...done
	Loading LAZP02001245.1...done
	Loading LAZP02001246.1...done
	Loading LAZP02001247.1...done
	Loading LAZP02001248.1...done
	Loading LAZP02000125.1...done
	Loading LAZP02001249.1...done
	Loading LAZP02001250.1...done
	Loading LAZP02001251.1...done
	Loading LAZP02001252.1...done
	Loading LAZP02001253.1...done
	Loading LAZP02001254.1...done
	Loading LAZP02001255.1...done
	Loading LAZP02001256.1...done
	Loading LAZP02001257.1...done
	Loading LAZP02001258.1...done
	Loading LAZP02000126.1...done
	Loading LAZP02001259.1...done
	Loading LAZP02001260.1...done
	Loading LAZP02001261.1...done
	Loading LAZP02001262.1...done
	Loading LAZP02001263.1...done
	Loading LAZP02001264.1...done
	Loading LAZP02001265.1...done
	Loading LAZP02001266.1...done
	Loading LAZP02001267.1...done
	Loading LAZP02001268.1...done
	Loading LAZP02000127.1...done
	Loading LAZP02001269.1...done
	Loading LAZP02001270.1...done
	Loading LAZP02001271.1...done
	Loading LAZP02001272.1...done
	Loading LAZP02001273.1...done
	Loading LAZP02001274.1...done
	Loading LAZP02001275.1...done
	Loading LAZP02001276.1...done
	Loading LAZP02001277.1...done
	Loading LAZP02001278.1...done
	Loading LAZP02000128.1...done
	Loading LAZP02001279.1...done
	Loading LAZP02001280.1...done
	Loading LAZP02001281.1...done
	Loading LAZP02001282.1...done
	Loading LAZP02001283.1...done
	Loading LAZP02001284.1...done
	Loading LAZP02001285.1...done
	Loading LAZP02001286.1...done
	Loading LAZP02001287.1...done
	Loading LAZP02001288.1...done
	Loading LAZP02000129.1...done
	Loading LAZP02001289.1...done
	Loading LAZP02001290.1...done
	Loading LAZP02001291.1...done
	Loading LAZP02001292.1...done
	Loading LAZP02001293.1...done
	Loading LAZP02001294.1...done
	Loading LAZP02001295.1...done
	Loading LAZP02001296.1...done
	Loading LAZP02001297.1...done
	Loading LAZP02001298.1...done
	Loading LAZP02000013.1...done
	Loading LAZP02000130.1...done
	Loading LAZP02001299.1...done
	Loading LAZP02001300.1...done
	Loading LAZP02001301.1...done
	Loading LAZP02001302.1...done
	Loading LAZP02001303.1...done
	Loading LAZP02001304.1...done
	Loading LAZP02001305.1...done
	Loading LAZP02001306.1...done
	Loading LAZP02001307.1...done
	Loading LAZP02001308.1...done
	Loading LAZP02000131.1...done
	Loading LAZP02001309.1...done
	Loading LAZP02001310.1...done
	Loading LAZP02001311.1...done
	Loading LAZP02001312.1...done
	Loading LAZP02001313.1...done
	Loading LAZP02001314.1...done
	Loading LAZP02001315.1...done
	Loading LAZP02001316.1...done
	Loading LAZP02001317.1...done
	Loading LAZP02001318.1...done
	Loading LAZP02000132.1...done
	Loading LAZP02001319.1...done
	Loading LAZP02001320.1...done
	Loading LAZP02001321.1...done
	Loading LAZP02001322.1...done
	Loading LAZP02001323.1...done
	Loading LAZP02001324.1...done
	Loading LAZP02001325.1...done
	Loading LAZP02001326.1...done
	Loading LAZP02001327.1...done
	Loading LAZP02001328.1...done
	Loading LAZP02000133.1...done
	Loading LAZP02001329.1...done
	Loading LAZP02001330.1...done
	Loading LAZP02001331.1...done
	Loading LAZP02001332.1...done
	Loading LAZP02001333.1...done
	Loading LAZP02001334.1...done
	Loading LAZP02001335.1...done
	Loading LAZP02001336.1...done
	Loading LAZP02001337.1...done
	Loading LAZP02001338.1...done
	Loading LAZP02000134.1...done
	Loading LAZP02001339.1...done
	Loading LAZP02001340.1...done
	Loading LAZP02001341.1...done
	Loading LAZP02001342.1...done
	Loading LAZP02001343.1...done
	Loading LAZP02001344.1...done
	Loading LAZP02001345.1...done
	Loading LAZP02001346.1...done
	Loading LAZP02001347.1...done
	Loading LAZP02001348.1...done
	Loading LAZP02000135.1...done
	Loading LAZP02001349.1...done
	Loading LAZP02001350.1...done
	Loading LAZP02001351.1...done
	Loading LAZP02001352.1...done
	Loading LAZP02001353.1...done
	Loading LAZP02001354.1...done
	Loading LAZP02001355.1...done
	Loading LAZP02001356.1...done
	Loading LAZP02001357.1...done
	Loading LAZP02001358.1...done
	Loading LAZP02000136.1...done
	Loading LAZP02001359.1...done
	Loading LAZP02001360.1...done
	Loading LAZP02001361.1...done
	Loading LAZP02001362.1...done
	Loading LAZP02001363.1...done
	Loading LAZP02001364.1...done
	Loading LAZP02001365.1...done
	Loading LAZP02001366.1...done
	Loading LAZP02001367.1...done
	Loading LAZP02001368.1...done
	Loading LAZP02000137.1...done
	Loading LAZP02001369.1...done
	Loading LAZP02001370.1...done
	Loading LAZP02001371.1...done
	Loading LAZP02001372.1...done
	Loading LAZP02001373.1...done
	Loading LAZP02001374.1...done
	Loading LAZP02001375.1...done
	Loading LAZP02001376.1...done
	Loading LAZP02001377.1...done
	Loading LAZP02001378.1...done
	Loading LAZP02000138.1...done
	Loading LAZP02001379.1...done
	Loading LAZP02001380.1...done
	Loading LAZP02001381.1...done
	Loading LAZP02001382.1...done
	Loading LAZP02001383.1...done
	Loading LAZP02001384.1...done
	Loading LAZP02001385.1...done
	Loading LAZP02001386.1...done
	Loading LAZP02001387.1...done
	Loading LAZP02001388.1...done
	Loading LAZP02000139.1...done
	Loading LAZP02001389.1...done
	Loading LAZP02001390.1...done
	Loading LAZP02001391.1...done
	Loading LAZP02001392.1...done
	Loading LAZP02001393.1...done
	Loading LAZP02001394.1...done
	Loading LAZP02001395.1...done
	Loading LAZP02001396.1...done
	Loading LAZP02001397.1...done
	Loading LAZP02001398.1...done
	Loading LAZP02000014.1...done
	Loading LAZP02000140.1...done
	Loading LAZP02001399.1...done
	Loading LAZP02001400.1...done
	Loading LAZP02001401.1...done
	Loading LAZP02001402.1...done
	Loading LAZP02001403.1...done
	Loading LAZP02001404.1...done
	Loading LAZP02001405.1...done
	Loading LAZP02001406.1...done
	Loading LAZP02001407.1...done
	Loading LAZP02001408.1...done
	Loading LAZP02000141.1...done
	Loading LAZP02001409.1...done
	Loading LAZP02001410.1...done
	Loading LAZP02001411.1...done
	Loading LAZP02001412.1...done
	Loading LAZP02001413.1...done
	Loading LAZP02001414.1...done
	Loading LAZP02001415.1...done
	Loading LAZP02001416.1...done
	Loading LAZP02001417.1...done
	Loading LAZP02001418.1...done
	Loading LAZP02000142.1...done
	Loading LAZP02001419.1...done
	Loading LAZP02001420.1...done
	Loading LAZP02001421.1...done
	Loading LAZP02001422.1...done
	Loading LAZP02001423.1...done
	Loading LAZP02001424.1...done
	Loading LAZP02001425.1...done
	Loading LAZP02001426.1...done
	Loading LAZP02001427.1...done
	Loading LAZP02001428.1...done
	Loading LAZP02000143.1...done
	Loading LAZP02001429.1...done
	Loading LAZP02001430.1...done
	Loading LAZP02001431.1...done
	Loading LAZP02001432.1...done
	Loading LAZP02001433.1...done
	Loading LAZP02001434.1...done
	Loading LAZP02001435.1...done
	Loading LAZP02001436.1...done
	Loading LAZP02001437.1...done
	Loading LAZP02001438.1...done
	Loading LAZP02000144.1...done
	Loading LAZP02001439.1...done
	Loading LAZP02001440.1...done
	Loading LAZP02001441.1...done
	Loading LAZP02001442.1...done
	Loading LAZP02001443.1...done
	Loading LAZP02001444.1...done
	Loading LAZP02001445.1...done
	Loading LAZP02001446.1...done
	Loading LAZP02001447.1...done
	Loading LAZP02001448.1...done
	Loading LAZP02000145.1...done
	Loading LAZP02001449.1...done
	Loading LAZP02001450.1...done
	Loading LAZP02001451.1...done
	Loading LAZP02001452.1...done
	Loading LAZP02001453.1...done
	Loading LAZP02001454.1...done
	Loading LAZP02001455.1...done
	Loading LAZP02001456.1...done
	Loading LAZP02001457.1...done
	Loading LAZP02001458.1...done
	Loading LAZP02000146.1...done
	Loading LAZP02001459.1...done
	Loading LAZP02001460.1...done
	Loading LAZP02001461.1...done
	Loading LAZP02001462.1...done
	Loading LAZP02001463.1...done
	Loading LAZP02001464.1...done
	Loading LAZP02001465.1...done
	Loading LAZP02001466.1...done
	Loading LAZP02001467.1...done
	Loading LAZP02001468.1...done
	Loading LAZP02000147.1...done
	Loading LAZP02001469.1...done
	Loading LAZP02001470.1...done
	Loading LAZP02001471.1...done
	Loading LAZP02001472.1...done
	Loading LAZP02001473.1...done
	Loading LAZP02001474.1...done
	Loading LAZP02001475.1...done
	Loading LAZP02001476.1...done
	Loading LAZP02001477.1...done
	Loading LAZP02001478.1...done
	Loading LAZP02000148.1...done
	Loading LAZP02001479.1...done
	Loading LAZP02001480.1...done
	Loading LAZP02001481.1...done
	Loading LAZP02001482.1...done
	Loading LAZP02001483.1...done
	Loading LAZP02001484.1...done
	Loading LAZP02001485.1...done
	Loading LAZP02001486.1...done
	Loading LAZP02001487.1...done
	Loading LAZP02001488.1...done
	Loading LAZP02000149.1...done
	Loading LAZP02001489.1...done
	Loading LAZP02001490.1...done
	Loading LAZP02001491.1...done
	Loading LAZP02001492.1...done
	Loading LAZP02001493.1...done
	Loading LAZP02001494.1...done
	Loading LAZP02001495.1...done
	Loading LAZP02001496.1...done
	Loading LAZP02001497.1...done
	Loading LAZP02001498.1...done
	Loading LAZP02000015.1...done
	Loading LAZP02000150.1...done
	Loading LAZP02001499.1...done
	Loading LAZP02001500.1...done
	Loading LAZP02001501.1...done
	Loading LAZP02001502.1...done
	Loading LAZP02001503.1...done
	Loading LAZP02001504.1...done
	Loading LAZP02001505.1...done
	Loading LAZP02001506.1...done
	Loading LAZP02001507.1...done
	Loading LAZP02001508.1...done
	Loading LAZP02000151.1...done
	Loading LAZP02001509.1...done
	Loading LAZP02001510.1...done
	Loading LAZP02001511.1...done
	Loading LAZP02001512.1...done
	Loading LAZP02001513.1...done
	Loading LAZP02001514.1...done
	Loading LAZP02001515.1...done
	Loading LAZP02001516.1...done
	Loading LAZP02001517.1...done
	Loading LAZP02001518.1...done
	Loading LAZP02000152.1...done
	Loading LAZP02001519.1...done
	Loading LAZP02001520.1...done
	Loading LAZP02001521.1...done
	Loading LAZP02001522.1...done
	Loading LAZP02001523.1...done
	Loading LAZP02001524.1...done
	Loading LAZP02001525.1...done
	Loading LAZP02001526.1...done
	Loading LAZP02001527.1...done
	Loading LAZP02001528.1...done
	Loading LAZP02000153.1...done
	Loading LAZP02001529.1...done
	Loading LAZP02001530.1...done
	Loading LAZP02001531.1...done
	Loading LAZP02001532.1...done
	Loading LAZP02001533.1...done
	Loading LAZP02001534.1...done
	Loading LAZP02001535.1...done
	Loading LAZP02001536.1...done
	Loading LAZP02001537.1...done
	Loading LAZP02001538.1...done
	Loading LAZP02000154.1...done
	Loading LAZP02001539.1...done
	Loading LAZP02001540.1...done
	Loading LAZP02001541.1...done
	Loading LAZP02001542.1...done
	Loading LAZP02001543.1...done
	Loading LAZP02001544.1...done
	Loading LAZP02001545.1...done
	Loading LAZP02001546.1...done
	Loading LAZP02001547.1...done
	Loading LAZP02001548.1...done
	Loading LAZP02000155.1...done
	Loading LAZP02001549.1...done
	Loading LAZP02001550.1...done
	Loading LAZP02001551.1...done
	Loading LAZP02001552.1...done
	Loading LAZP02001553.1...done
	Loading LAZP02001554.1...done
	Loading LAZP02001555.1...done
	Loading LAZP02001556.1...done
	Loading LAZP02001557.1...done
	Loading LAZP02001558.1...done
	Loading LAZP02000156.1...done
	Loading LAZP02001559.1...done
	Loading LAZP02001560.1...done
	Loading LAZP02001561.1...done
	Loading LAZP02001562.1...done
	Loading LAZP02001563.1...done
	Loading LAZP02001564.1...done
	Loading LAZP02001565.1...done
	Loading LAZP02001566.1...done
	Loading LAZP02001567.1...done
	Loading LAZP02001568.1...done
	Loading LAZP02000157.1...done
	Loading LAZP02001569.1...done
	Loading LAZP02001570.1...done
	Loading LAZP02001571.1...done
	Loading LAZP02001572.1...done
	Loading LAZP02001573.1...done
	Loading LAZP02001574.1...done
	Loading LAZP02001575.1...done
	Loading LAZP02001576.1...done
	Loading LAZP02001577.1...done
	Loading LAZP02001578.1...done
	Loading LAZP02000158.1...done
	Loading LAZP02001579.1...done
	Loading LAZP02001580.1...done
	Loading LAZP02001581.1...done
	Loading LAZP02001582.1...done
	Loading LAZP02001583.1...done
	Loading LAZP02001584.1...done
	Loading LAZP02001585.1...done
	Loading LAZP02001586.1...done
	Loading LAZP02001587.1...done
	Loading LAZP02001588.1...done
	Loading LAZP02000159.1...done
	Loading LAZP02001589.1...done
	Loading LAZP02001590.1...done
	Loading LAZP02001591.1...done
	Loading LAZP02001592.1...done
	Loading LAZP02001593.1...done
	Loading LAZP02001594.1...done
	Loading LAZP02001595.1...done
	Loading LAZP02001596.1...done
	Loading LAZP02001597.1...done
	Loading LAZP02001598.1...done
	Loading LAZP02000016.1...done
	Loading LAZP02000160.1...done
	Loading LAZP02001599.1...done
	Loading LAZP02001600.1...done
	Loading LAZP02001601.1...done
	Loading LAZP02001602.1...done
	Loading LAZP02001603.1...done
	Loading LAZP02001604.1...done
	Loading LAZP02001605.1...done
	Loading LAZP02001606.1...done
	Loading LAZP02001607.1...done
	Loading LAZP02001608.1...done
	Loading LAZP02000161.1...done
	Loading LAZP02001609.1...done
	Loading LAZP02001610.1...done
	Loading LAZP02001611.1...done
	Loading LAZP02001612.1...done
	Loading LAZP02001613.1...done
	Loading LAZP02001614.1...done
	Loading LAZP02001615.1...done
	Loading LAZP02001616.1...done
	Loading LAZP02001617.1...done
	Loading LAZP02001618.1...done
	Loading LAZP02000162.1...done
	Loading LAZP02001619.1...done
	Loading LAZP02001620.1...done
	Loading LAZP02001621.1...done
	Loading LAZP02001622.1...done
	Loading LAZP02001623.1...done
	Loading LAZP02001624.1...done
	Loading LAZP02001625.1...done
	Loading LAZP02001626.1...done
	Loading LAZP02001627.1...done
	Loading LAZP02001628.1...done
	Loading LAZP02000163.1...done
	Loading LAZP02001629.1...done
	Loading LAZP02001630.1...done
	Loading LAZP02001631.1...done
	Loading LAZP02001632.1...done
	Loading LAZP02001633.1...done
	Loading LAZP02001634.1...done
	Loading LAZP02001635.1...done
	Loading LAZP02001636.1...done
	Loading LAZP02001637.1...done
	Loading LAZP02001638.1...done
	Loading LAZP02000164.1...done
	Loading LAZP02001639.1...done
	Loading LAZP02001640.1...done
	Loading LAZP02001641.1...done
	Loading LAZP02001642.1...done
	Loading LAZP02001643.1...done
	Loading LAZP02001644.1...done
	Loading LAZP02001645.1...done
	Loading LAZP02001646.1...done
	Loading LAZP02001647.1...done
	Loading LAZP02001648.1...done
	Loading LAZP02000165.1...done
	Loading LAZP02001649.1...done
	Loading LAZP02001650.1...done
	Loading LAZP02001651.1...done
	Loading LAZP02001652.1...done
	Loading LAZP02001653.1...done
	Loading LAZP02001654.1...done
	Loading LAZP02001655.1...done
	Loading LAZP02001656.1...done
	Loading LAZP02001657.1...done
	Loading LAZP02001658.1...done
	Loading LAZP02000166.1...done
	Loading LAZP02001659.1...done
	Loading LAZP02001660.1...done
	Loading LAZP02001661.1...done
	Loading LAZP02001662.1...done
	Loading LAZP02001663.1...done
	Loading LAZP02001664.1...done
	Loading LAZP02001665.1...done
	Loading LAZP02001666.1...done
	Loading LAZP02001667.1...done
	Loading LAZP02001668.1...done
	Loading LAZP02000167.1...done
	Loading LAZP02001669.1...done
	Loading LAZP02001670.1...done
	Loading LAZP02001671.1...done
	Loading LAZP02001672.1...done
	Loading LAZP02001673.1...done
	Loading LAZP02001674.1...done
	Loading LAZP02001675.1...done
	Loading LAZP02001676.1...done
	Loading LAZP02001677.1...done
	Loading LAZP02001678.1...done
	Loading LAZP02000168.1...done
	Loading LAZP02001679.1...done
	Loading LAZP02001680.1...done
	Loading LAZP02001681.1...done
	Loading LAZP02001682.1...done
	Loading LAZP02001683.1...done
	Loading LAZP02001684.1...done
	Loading LAZP02001685.1...done
	Loading LAZP02001686.1...done
	Loading LAZP02001687.1...done
	Loading LAZP02001688.1...done
	Loading LAZP02000169.1...done
	Loading LAZP02001689.1...done
	Loading LAZP02001690.1...done
	Loading LAZP02001691.1...done
	Loading LAZP02001692.1...done
	Loading LAZP02001693.1...done
	Loading LAZP02001694.1...done
	Loading LAZP02001695.1...done
	Loading LAZP02001696.1...done
	Loading LAZP02001697.1...done
	Loading LAZP02001698.1...done
	Loading LAZP02000017.1...done
	Loading LAZP02000170.1...done
	Loading LAZP02001699.1...done
	Loading LAZP02001700.1...done
	Loading LAZP02001701.1...done
	Loading LAZP02001702.1...done
	Loading LAZP02001703.1...done
	Loading LAZP02001704.1...done
	Loading LAZP02001705.1...done
	Loading LAZP02001706.1...done
	Loading LAZP02001707.1...done
	Loading LAZP02001708.1...done
	Loading LAZP02000171.1...done
	Loading LAZP02001709.1...done
	Loading LAZP02001710.1...done
	Loading LAZP02001711.1...done
	Loading LAZP02001712.1...done
	Loading LAZP02001713.1...done
	Loading LAZP02001714.1...done
	Loading LAZP02001715.1...done
	Loading LAZP02001716.1...done
	Loading LAZP02001717.1...done
	Loading LAZP02001718.1...done
	Loading LAZP02000172.1...done
	Loading LAZP02001719.1...done
	Loading LAZP02001720.1...done
	Loading LAZP02001721.1...done
	Loading LAZP02001722.1...done
	Loading LAZP02001723.1...done
	Loading LAZP02001724.1...done
	Loading LAZP02001725.1...done
	Loading LAZP02001726.1...done
	Loading LAZP02001727.1...done
	Loading LAZP02001728.1...done
	Loading LAZP02000173.1...done
	Loading LAZP02001729.1...done
	Loading LAZP02001730.1...done
	Loading LAZP02001731.1...done
	Loading LAZP02001732.1...done
	Loading LAZP02001733.1...done
	Loading LAZP02001734.1...done
	Loading LAZP02001735.1...done
	Loading LAZP02001736.1...done
	Loading LAZP02001737.1...done
	Loading LAZP02001738.1...done
	Loading LAZP02000174.1...done
	Loading LAZP02001739.1...done
	Loading LAZP02001740.1...done
	Loading LAZP02001741.1...done
	Loading LAZP02001742.1...done
	Loading LAZP02001743.1...done
	Loading LAZP02001744.1...done
	Loading LAZP02001745.1...done
	Loading LAZP02001746.1...done
	Loading LAZP02001747.1...done
	Loading LAZP02001748.1...done
	Loading LAZP02000175.1...done
	Loading LAZP02001749.1...done
	Loading LAZP02001750.1...done
	Loading LAZP02001751.1...done
	Loading LAZP02001752.1...done
	Loading LAZP02001753.1...done
	Loading LAZP02001754.1...done
	Loading LAZP02001755.1...done
	Loading LAZP02001756.1...done
	Loading LAZP02001757.1...done
	Loading LAZP02001758.1...done
	Loading LAZP02000176.1...done
	Loading LAZP02001759.1...done
	Loading LAZP02001760.1...done
	Loading LAZP02001761.1...done
	Loading LAZP02001762.1...done
	Loading LAZP02001763.1...done
	Loading LAZP02001764.1...done
	Loading LAZP02001765.1...done
	Loading LAZP02001766.1...done
	Loading LAZP02001767.1...done
	Loading LAZP02001768.1...done
	Loading LAZP02000177.1...done
	Loading LAZP02001769.1...done
	Loading LAZP02001770.1...done
	Loading LAZP02001771.1...done
	Loading LAZP02001772.1...done
	Loading LAZP02001773.1...done
	Loading LAZP02001774.1...done
	Loading LAZP02001775.1...done
	Loading LAZP02001776.1...done
	Loading LAZP02001777.1...done
	Loading LAZP02001778.1...done
	Loading LAZP02000178.1...done
	Loading LAZP02001779.1...done
	Loading LAZP02001780.1...done
	Loading LAZP02001781.1...done
	Loading LAZP02001782.1...done
	Loading LAZP02001783.1...done
	Loading LAZP02001784.1...done
	Loading LAZP02001785.1...done
	Loading LAZP02001786.1...done
	Loading LAZP02001787.1...done
	Loading LAZP02001788.1...done
	Loading LAZP02000179.1...done
	Loading LAZP02001789.1...done
	Loading LAZP02001790.1...done
	Loading LAZP02001791.1...done
	Loading LAZP02001792.1...done
	Loading LAZP02001793.1...done
	Loading LAZP02001794.1...done
	Loading LAZP02001795.1...done
	Loading LAZP02001796.1...done
	Loading LAZP02001797.1...done
	Loading LAZP02001798.1...done
	Loading LAZP02000018.1...done
	Loading LAZP02000180.1...done
	Loading LAZP02001799.1...done
	Loading LAZP02001800.1...done
	Loading LAZP02001801.1...done
	Loading LAZP02001802.1...done
	Loading LAZP02001803.1...done
	Loading LAZP02001804.1...done
	Loading LAZP02001805.1...done
	Loading LAZP02001806.1...done
	Loading LAZP02001807.1...done
	Loading LAZP02001808.1...done
	Loading LAZP02000181.1...done
	Loading LAZP02001809.1...done
	Loading LAZP02001810.1...done
	Loading LAZP02001811.1...done
	Loading LAZP02001812.1...done
	Loading LAZP02001813.1...done
	Loading LAZP02001814.1...done
	Loading LAZP02001815.1...done
	Loading LAZP02001816.1...done
	Loading LAZP02001817.1...done
	Loading LAZP02001818.1...done
	Loading LAZP02000182.1...done
	Loading LAZP02001819.1...done
	Loading LAZP02001820.1...done
	Loading LAZP02001821.1...done
	Loading LAZP02001822.1...done
	Loading LAZP02001823.1...done
	Loading LAZP02001824.1...done
	Loading LAZP02001825.1...done
	Loading LAZP02001826.1...done
	Loading LAZP02001827.1...done
	Loading LAZP02001828.1...done
	Loading LAZP02000183.1...done
	Loading LAZP02001829.1...done
	Loading LAZP02001830.1...done
	Loading LAZP02001831.1...done
	Loading LAZP02001832.1...done
	Loading LAZP02001833.1...done
	Loading LAZP02001834.1...done
	Loading LAZP02001835.1...done
	Loading LAZP02001836.1...done
	Loading LAZP02001837.1...done
	Loading LAZP02001838.1...done
	Loading LAZP02000184.1...done
	Loading LAZP02001839.1...done
	Loading LAZP02001840.1...done
	Loading LAZP02001841.1...done
	Loading LAZP02001842.1...done
	Loading LAZP02001843.1...done
	Loading LAZP02001844.1...done
	Loading LAZP02001845.1...done
	Loading LAZP02001846.1...done
	Loading LAZP02001847.1...done
	Loading LAZP02001848.1...done
	Loading LAZP02000185.1...done
	Loading LAZP02001849.1...done
	Loading LAZP02001850.1...done
	Loading LAZP02001851.1...done
	Loading LAZP02001852.1...done
	Loading LAZP02001853.1...done
	Loading LAZP02001854.1...done
	Loading LAZP02001855.1...done
	Loading LAZP02001856.1...done
	Loading LAZP02001857.1...done
	Loading LAZP02001858.1...done
	Loading LAZP02000186.1...done
	Loading LAZP02001859.1...done
	Loading LAZP02001860.1...done
	Loading LAZP02001861.1...done
	Loading LAZP02001862.1...done
	Loading LAZP02001863.1...done
	Loading LAZP02001864.1...done
	Loading LAZP02001865.1...done
	Loading LAZP02001866.1...done
	Loading LAZP02001867.1...done
	Loading LAZP02001868.1...done
	Loading LAZP02000187.1...done
	Loading LAZP02001869.1...done
	Loading LAZP02001870.1...done
	Loading LAZP02001871.1...done
	Loading LAZP02001872.1...done
	Loading LAZP02001873.1...done
	Loading LAZP02001874.1...done
	Loading LAZP02001875.1...done
	Loading LAZP02001876.1...done
	Loading LAZP02001877.1...done
	Loading LAZP02001878.1...done
	Loading LAZP02000188.1...done
	Loading LAZP02001879.1...done
	Loading LAZP02001880.1...done
	Loading LAZP02001881.1...done
	Loading LAZP02001882.1...done
	Loading LAZP02001883.1...done
	Loading LAZP02001884.1...done
	Loading LAZP02001885.1...done
	Loading LAZP02001886.1...done
	Loading LAZP02001887.1...done
	Loading LAZP02001888.1...done
	Loading LAZP02000189.1...done
	Loading LAZP02001889.1...done
	Loading LAZP02001890.1...done
	Loading LAZP02001891.1...done
	Loading LAZP02001892.1...done
	Loading LAZP02001893.1...done
	Loading LAZP02001894.1...done
	Loading LAZP02001895.1...done
	Loading LAZP02001896.1...done
	Loading LAZP02001897.1...done
	Loading LAZP02001898.1...done
	Loading LAZP02000019.1...done
	Loading LAZP02000190.1...done
	Loading LAZP02001899.1...done
	Loading LAZP02001900.1...done
	Loading LAZP02001901.1...done
	Loading LAZP02001902.1...done
	Loading LAZP02001903.1...done
	Loading LAZP02001904.1...done
	Loading LAZP02001905.1...done
	Loading LAZP02001906.1...done
	Loading LAZP02001907.1...done
	Loading LAZP02001908.1...done
	Loading LAZP02000191.1...done
	Loading LAZP02001909.1...done
	Loading LAZP02001910.1...done
	Loading LAZP02001911.1...done
	Loading LAZP02001912.1...done
	Loading LAZP02001913.1...done
	Loading LAZP02001914.1...done
	Loading LAZP02001915.1...done
	Loading LAZP02001916.1...done
	Loading LAZP02001917.1...done
	Loading LAZP02001918.1...done
	Loading LAZP02000192.1...done
	Loading LAZP02001919.1...done
	Loading LAZP02001920.1...done
	Loading LAZP02001921.1...done
	Loading LAZP02001922.1...done
	Loading LAZP02001923.1...done
	Loading LAZP02001924.1...done
	Loading LAZP02001925.1...done
	Loading LAZP02001926.1...done
	Loading LAZP02001927.1...done
	Loading LAZP02001928.1...done
	Loading LAZP02000193.1...done
	Loading LAZP02001929.1...done
	Loading LAZP02001930.1...done
	Loading LAZP02001931.1...done
	Loading LAZP02001932.1...done
	Loading LAZP02001933.1...done
	Loading LAZP02001934.1...done
	Loading LAZP02001935.1...done
	Loading LAZP02001936.1...done
	Loading LAZP02001937.1...done
	Loading LAZP02001938.1...done
	Loading LAZP02000194.1...done
	Loading LAZP02001939.1...done
	Loading LAZP02001940.1...done
	Loading LAZP02001941.1...done
	Loading LAZP02001942.1...done
	Loading LAZP02001943.1...done
	Loading LAZP02001944.1...done
	Loading LAZP02001945.1...done
	Loading LAZP02001946.1...done
	Loading LAZP02001947.1...done
	Loading LAZP02001948.1...done
	Loading LAZP02000195.1...done
	Loading LAZP02001949.1...done
	Loading LAZP02001950.1...done
	Loading LAZP02001951.1...done
	Loading LAZP02001952.1...done
	Loading LAZP02001953.1...done
	Loading LAZP02001954.1...done
	Loading LAZP02001955.1...done
	Loading LAZP02001956.1...done
	Loading LAZP02001957.1...done
	Loading LAZP02001958.1...done
	Loading LAZP02000196.1...done
	Loading LAZP02001959.1...done
	Loading LAZP02001960.1...done
	Loading LAZP02001961.1...done
	Loading LAZP02001962.1...done
	Loading LAZP02001963.1...done
	Loading LAZP02001964.1...done
	Loading LAZP02001965.1...done
	Loading LAZP02001966.1...done
	Loading LAZP02001967.1...done
	Loading LAZP02001968.1...done
	Loading LAZP02000197.1...done
	Loading LAZP02001969.1...done
	Loading LAZP02001970.1...done
	Loading LAZP02001971.1...done
	Loading LAZP02001972.1...done
	Loading LAZP02001973.1...done
	Loading LAZP02001974.1...done
	Loading LAZP02001975.1...done
	Loading LAZP02001976.1...done
	Loading LAZP02001977.1...done
	Loading LAZP02001978.1...done
	Loading LAZP02000198.1...done
	Loading LAZP02001979.1...done
	Loading LAZP02001980.1...done
	Loading LAZP02001981.1...done
	Loading LAZP02001982.1...done
	Loading LAZP02001983.1...done
	Loading LAZP02001984.1...done
	Loading LAZP02001985.1...done
	Loading LAZP02001986.1...done
	Loading LAZP02001987.1...done
	Loading LAZP02001988.1...done
	Loading LAZP02000199.1...done
	Loading LAZP02001989.1...done
	Loading LAZP02001990.1...done
	Loading LAZP02001991.1...done
	Loading LAZP02001992.1...done
	Loading LAZP02001993.1...done
	Loading LAZP02001994.1...done
	Loading LAZP02001995.1...done
	Loading LAZP02001996.1...done
	Loading LAZP02001997.1...done
	Loading LAZP02001998.1...done
	Loading LAZP02000002.1...done
	Loading LAZP02000020.1...done
	Loading LAZP02000200.1...done
	Loading LAZP02001999.1...done
	Loading LAZP02002000.1...done
	Loading LAZP02002001.1...done
	Loading LAZP02002002.1...done
	Loading LAZP02002003.1...done
	Loading LAZP02002004.1...done
	Loading LAZP02002005.1...done
	Loading LAZP02002006.1...done
	Loading LAZP02002007.1...done
	Loading LAZP02002008.1...done
	Loading LAZP02000201.1...done
	Loading LAZP02002009.1...done
	Loading LAZP02002010.1...done
	Loading LAZP02002011.1...done
	Loading LAZP02002012.1...done
	Loading LAZP02002013.1...done
	Loading LAZP02002014.1...done
	Loading LAZP02002015.1...done
	Loading LAZP02002016.1...done
	Loading LAZP02002017.1...done
	Loading LAZP02002018.1...done
	Loading LAZP02000202.1...done
	Loading LAZP02002019.1...done
	Loading LAZP02002020.1...done
	Loading LAZP02002021.1...done
	Loading LAZP02002022.1...done
	Loading LAZP02002023.1...done
	Loading LAZP02002024.1...done
	Loading LAZP02002025.1...done
	Loading LAZP02002026.1...done
	Loading LAZP02002027.1...done
	Loading LAZP02002028.1...done
	Loading LAZP02000203.1...done
	Loading LAZP02002029.1...done
	Loading LAZP02002030.1...done
	Loading LAZP02002031.1...done
	Loading LAZP02002032.1...done
	Loading LAZP02002033.1...done
	Loading LAZP02002034.1...done
	Loading LAZP02002035.1...done
	Loading LAZP02002036.1...done
	Loading LAZP02002037.1...done
	Loading LAZP02002038.1...done
	Loading LAZP02000204.1...done
	Loading LAZP02002039.1...done
	Loading LAZP02002040.1...done
	Loading LAZP02002041.1...done
	Loading LAZP02002042.1...done
	Loading LAZP02002043.1...done
	Loading LAZP02002044.1...done
	Loading LAZP02002045.1...done
	Loading LAZP02002046.1...done
	Loading LAZP02002047.1...done
	Loading LAZP02002048.1...done
	Loading LAZP02000205.1...done
	Loading LAZP02002049.1...done
	Loading LAZP02002050.1...done
	Loading LAZP02002051.1...done
	Loading LAZP02002052.1...done
	Loading LAZP02002053.1...done
	Loading LAZP02002054.1...done
	Loading LAZP02002055.1...done
	Loading LAZP02002056.1...done
	Loading LAZP02002057.1...done
	Loading LAZP02002058.1...done
	Loading LAZP02000206.1...done
	Loading LAZP02002059.1...done
	Loading LAZP02002060.1...done
	Loading LAZP02002061.1...done
	Loading LAZP02002062.1...done
	Loading LAZP02002063.1...done
	Loading LAZP02002064.1...done
	Loading LAZP02002065.1...done
	Loading LAZP02002066.1...done
	Loading LAZP02002067.1...done
	Loading LAZP02002068.1...done
	Loading LAZP02000207.1...done
	Loading LAZP02002069.1...done
	Loading LAZP02002070.1...done
	Loading LAZP02002071.1...done
	Loading LAZP02002072.1...done
	Loading LAZP02002073.1...done
	Loading LAZP02002074.1...done
	Loading LAZP02002075.1...done
	Loading LAZP02002076.1...done
	Loading LAZP02002077.1...done
	Loading LAZP02002078.1...done
	Loading LAZP02000208.1...done
	Loading LAZP02002079.1...done
	Loading LAZP02002080.1...done
	Loading LAZP02002081.1...done
	Loading LAZP02002082.1...done
	Loading LAZP02002083.1...done
	Loading LAZP02002084.1...done
	Loading LAZP02002085.1...done
	Loading LAZP02002086.1...done
	Loading LAZP02002087.1...done
	Loading LAZP02002088.1...done
	Loading LAZP02000209.1...done
	Loading LAZP02002089.1...done
	Loading LAZP02002090.1...done
	Loading LAZP02002091.1...done
	Loading LAZP02002092.1...done
	Loading LAZP02002093.1...done
	Loading LAZP02002094.1...done
	Loading LAZP02002095.1...done
	Loading LAZP02002096.1...done
	Loading LAZP02002097.1...done
	Loading LAZP02002098.1...done
	Loading LAZP02000021.1...done
	Loading LAZP02000210.1...done
	Loading LAZP02002099.1...done
	Loading LAZP02002100.1...done
	Loading LAZP02002101.1...done
	Loading LAZP02002102.1...done
	Loading LAZP02002103.1...done
	Loading LAZP02002104.1...done
	Loading LAZP02002105.1...done
	Loading LAZP02002106.1...done
	Loading LAZP02002107.1...done
	Loading LAZP02002108.1...done
	Loading LAZP02000211.1...done
	Loading LAZP02002109.1...done
	Loading LAZP02002110.1...done
	Loading LAZP02002111.1...done
	Loading LAZP02002112.1...done
	Loading LAZP02002113.1...done
	Loading LAZP02002114.1...done
	Loading LAZP02002115.1...done
	Loading LAZP02002116.1...done
	Loading LAZP02002117.1...done
	Loading LAZP02002118.1...done
	Loading LAZP02000212.1...done
	Loading LAZP02002119.1...done
	Loading LAZP02002120.1...done
	Loading LAZP02002121.1...done
	Loading LAZP02002122.1...done
	Loading LAZP02002123.1...done
	Loading LAZP02002124.1...done
	Loading LAZP02002125.1...done
	Loading LAZP02002126.1...done
	Loading LAZP02002127.1...done
	Loading LAZP02002128.1...done
	Loading LAZP02000213.1...done
	Loading LAZP02002129.1...done
	Loading LAZP02002130.1...done
	Loading LAZP02002131.1...done
	Loading LAZP02002132.1...done
	Loading LAZP02002133.1...done
	Loading LAZP02002134.1...done
	Loading LAZP02002135.1...done
	Loading LAZP02002136.1...done
	Loading LAZP02002137.1...done
	Loading LAZP02002138.1...done
	Loading LAZP02000214.1...done
	Loading LAZP02002139.1...done
	Loading LAZP02002140.1...done
	Loading LAZP02002141.1...done
	Loading LAZP02002142.1...done
	Loading LAZP02002143.1...done
	Loading LAZP02002144.1...done
	Loading LAZP02002145.1...done
	Loading LAZP02002146.1...done
	Loading LAZP02002147.1...done
	Loading LAZP02002148.1...done
	Loading LAZP02000215.1...done
	Loading LAZP02002149.1...done
	Loading LAZP02002150.1...done
	Loading LAZP02002151.1...done
	Loading LAZP02002152.1...done
	Loading LAZP02002153.1...done
	Loading LAZP02002154.1...done
	Loading LAZP02002155.1...done
	Loading LAZP02002156.1...done
	Loading LAZP02002157.1...done
	Loading LAZP02002158.1...done
	Loading LAZP02000216.1...done
	Loading LAZP02002159.1...done
	Loading LAZP02002160.1...done
	Loading LAZP02002161.1...done
	Loading LAZP02002162.1...done
	Loading LAZP02002163.1...done
	Loading LAZP02002164.1...done
	Loading LAZP02002165.1...done
	Loading LAZP02002166.1...done
	Loading LAZP02002167.1...done
	Loading LAZP02002168.1...done
	Loading LAZP02000217.1...done
	Loading LAZP02002169.1...done
	Loading LAZP02002170.1...done
	Loading LAZP02002171.1...done
	Loading LAZP02002172.1...done
	Loading LAZP02002173.1...done
	Loading LAZP02002174.1...done
	Loading LAZP02002175.1...done
	Loading LAZP02002176.1...done
	Loading LAZP02002177.1...done
	Loading LAZP02002178.1...done
	Loading LAZP02000218.1...done
	Loading LAZP02002179.1...done
	Loading LAZP02002180.1...done
	Loading LAZP02002181.1...done
	Loading LAZP02002182.1...done
	Loading LAZP02002183.1...done
	Loading LAZP02002184.1...done
	Loading LAZP02002185.1...done
	Loading LAZP02002186.1...done
	Loading LAZP02002187.1...done
	Loading LAZP02002188.1...done
	Loading LAZP02000219.1...done
	Loading LAZP02002189.1...done
	Loading LAZP02002190.1...done
	Loading LAZP02002191.1...done
	Loading LAZP02002192.1...done
	Loading LAZP02002193.1...done
	Loading LAZP02002194.1...done
	Loading LAZP02002195.1...done
	Loading LAZP02002196.1...done
	Loading LAZP02002197.1...done
	Loading LAZP02002198.1...done
	Loading LAZP02000022.1...done
	Loading LAZP02000220.1...done
	Loading LAZP02002199.1...done
	Loading LAZP02002200.1...done
	Loading LAZP02002201.1...done
	Loading LAZP02002202.1...done
	Loading LAZP02002203.1...done
	Loading LAZP02002204.1...done
	Loading LAZP02002205.1...done
	Loading LAZP02002206.1...done
	Loading LAZP02002207.1...done
	Loading LAZP02002208.1...done
	Loading LAZP02000221.1...done
	Loading LAZP02002209.1...done
	Loading LAZP02002210.1...done
	Loading LAZP02002211.1...done
	Loading LAZP02002212.1...done
	Loading LAZP02002213.1...done
	Loading LAZP02002214.1...done
	Loading LAZP02002215.1...done
	Loading LAZP02002216.1...done
	Loading LAZP02002217.1...done
	Loading LAZP02002218.1...done
	Loading LAZP02000222.1...done
	Loading LAZP02002219.1...done
	Loading LAZP02002220.1...done
	Loading LAZP02002221.1...done
	Loading LAZP02002222.1...done
	Loading LAZP02002223.1...done
	Loading LAZP02002224.1...done
	Loading LAZP02002225.1...done
	Loading LAZP02002226.1...done
	Loading LAZP02002227.1...done
	Loading LAZP02002228.1...done
	Loading LAZP02000223.1...done
	Loading LAZP02002229.1...done
	Loading LAZP02002230.1...done
	Loading LAZP02002231.1...done
	Loading LAZP02002232.1...done
	Loading LAZP02002233.1...done
	Loading LAZP02002234.1...done
	Loading LAZP02002235.1...done
	Loading LAZP02002236.1...done
	Loading LAZP02002237.1...done
	Loading LAZP02002238.1...done
	Loading LAZP02000224.1...done
	Loading LAZP02002239.1...done
	Loading LAZP02002240.1...done
	Loading LAZP02002241.1...done
	Loading LAZP02002242.1...done
	Loading LAZP02002243.1...done
	Loading LAZP02002244.1...done
	Loading LAZP02002245.1...done
	Loading LAZP02002246.1...done
	Loading LAZP02002247.1...done
	Loading LAZP02002248.1...done
	Loading LAZP02000225.1...done
	Loading LAZP02002249.1...done
	Loading LAZP02002250.1...done
	Loading LAZP02002251.1...done
	Loading LAZP02002252.1...done
	Loading LAZP02002253.1...done
	Loading LAZP02002254.1...done
	Loading LAZP02002255.1...done
	Loading LAZP02002256.1...done
	Loading LAZP02002257.1...done
	Loading LAZP02002258.1...done
	Loading LAZP02000226.1...done
	Loading LAZP02002259.1...done
	Loading LAZP02002260.1...done
	Loading LAZP02002261.1...done
	Loading LAZP02002262.1...done
	Loading LAZP02002263.1...done
	Loading LAZP02002264.1...done
	Loading LAZP02002265.1...done
	Loading LAZP02002266.1...done
	Loading LAZP02002267.1...done
	Loading LAZP02002268.1...done
	Loading LAZP02000227.1...done
	Loading LAZP02002269.1...done
	Loading LAZP02002270.1...done
	Loading LAZP02002271.1...done
	Loading LAZP02002272.1...done
	Loading LAZP02002273.1...done
	Loading LAZP02002274.1...done
	Loading LAZP02002275.1...done
	Loading LAZP02002276.1...done
	Loading LAZP02002277.1...done
	Loading LAZP02002278.1...done
	Loading LAZP02000228.1...done
	Loading LAZP02002279.1...done
	Loading LAZP02002280.1...done
	Loading LAZP02002281.1...done
	Loading LAZP02002282.1...done
	Loading LAZP02002283.1...done
	Loading LAZP02002284.1...done
	Loading LAZP02002285.1...done
	Loading LAZP02002286.1...done
	Loading LAZP02002287.1...done
	Loading LAZP02002288.1...done
	Loading LAZP02000229.1...done
	Loading LAZP02002289.1...done
	Loading LAZP02002290.1...done
	Loading LAZP02002291.1...done
	Loading LAZP02002292.1...done
	Loading LAZP02002293.1...done
	Loading LAZP02002294.1...done
	Loading LAZP02002295.1...done
	Loading LAZP02002296.1...done
	Loading LAZP02002297.1...done
	Loading LAZP02002298.1...done
	Loading LAZP02000023.1...done
	Loading LAZP02000230.1...done
	Loading LAZP02002299.1...done
	Loading LAZP02002300.1...done
	Loading LAZP02002301.1...done
	Loading LAZP02002302.1...done
	Loading LAZP02002303.1...done
	Loading LAZP02002304.1...done
	Loading LAZP02002305.1...done
	Loading LAZP02002306.1...done
	Loading LAZP02002307.1...done
	Loading LAZP02002308.1...done
	Loading LAZP02000231.1...done
	Loading LAZP02002309.1...done
	Loading LAZP02002310.1...done
	Loading LAZP02002311.1...done
	Loading LAZP02002312.1...done
	Loading LAZP02002313.1...done
	Loading LAZP02002314.1...done
	Loading LAZP02002315.1...done
	Loading LAZP02002316.1...done
	Loading LAZP02002317.1...done
	Loading LAZP02002318.1...done
	Loading LAZP02000232.1...done
	Loading LAZP02002319.1...done
	Loading LAZP02002320.1...done
	Loading LAZP02002321.1...done
	Loading LAZP02002322.1...done
	Loading LAZP02002323.1...done
	Loading LAZP02002324.1...done
	Loading LAZP02002325.1...done
	Loading LAZP02002326.1...done
	Loading LAZP02002327.1...done
	Loading LAZP02002328.1...done
	Loading LAZP02000233.1...done
	Loading LAZP02002329.1...done
	Loading LAZP02002330.1...done
	Loading LAZP02002331.1...done
	Loading LAZP02002332.1...done
	Loading LAZP02002333.1...done
	Loading LAZP02002334.1...done
	Loading LAZP02002335.1...done
	Loading LAZP02002336.1...done
	Loading LAZP02002337.1...done
	Loading LAZP02002338.1...done
	Loading LAZP02000234.1...done
	Loading LAZP02002339.1...done
	Loading LAZP02002340.1...done
	Loading LAZP02002341.1...done
	Loading LAZP02002342.1...done
	Loading LAZP02002343.1...done
	Loading LAZP02002344.1...done
	Loading LAZP02002345.1...done
	Loading LAZP02002346.1...done
	Loading LAZP02002347.1...done
	Loading LAZP02002348.1...done
	Loading LAZP02000235.1...done
	Loading LAZP02002349.1...done
	Loading LAZP02002350.1...done
	Loading LAZP02002351.1...done
	Loading LAZP02002352.1...done
	Loading LAZP02002353.1...done
	Loading LAZP02002354.1...done
	Loading LAZP02002355.1...done
	Loading LAZP02002356.1...done
	Loading LAZP02002357.1...done
	Loading LAZP02002358.1...done
	Loading LAZP02000236.1...done
	Loading LAZP02002359.1...done
	Loading LAZP02002360.1...done
	Loading LAZP02002361.1...done
	Loading LAZP02002362.1...done
	Loading LAZP02002363.1...done
	Loading LAZP02002364.1...done
	Loading LAZP02002365.1...done
	Loading LAZP02002366.1...done
	Loading LAZP02002367.1...done
	Loading LAZP02002368.1...done
	Loading LAZP02000237.1...done
	Loading LAZP02002369.1...done
	Loading LAZP02002370.1...done
	Loading LAZP02002371.1...done
	Loading LAZP02002372.1...done
	Loading LAZP02002373.1...done
	Loading LAZP02002374.1...done
	Loading LAZP02002375.1...done
	Loading LAZP02002376.1...done
	Loading LAZP02002377.1...done
	Loading LAZP02002378.1...done
	Loading LAZP02000238.1...done
	Loading LAZP02002379.1...done
	Loading LAZP02002380.1...done
	Loading LAZP02002381.1...done
	Loading LAZP02002382.1...done
	Loading LAZP02002383.1...done
	Loading LAZP02002384.1...done
	Loading LAZP02002385.1...done
	Loading LAZP02002386.1...done
	Loading LAZP02002387.1...done
	Loading LAZP02002388.1...done
	Loading LAZP02000239.1...done
	Loading LAZP02002389.1...done
	Loading LAZP02002390.1...done
	Loading LAZP02002391.1...done
	Loading LAZP02002392.1...done
	Loading LAZP02002393.1...done
	Loading LAZP02002394.1...done
	Loading LAZP02002395.1...done
	Loading LAZP02002396.1...done
	Loading LAZP02002397.1...done
	Loading LAZP02002398.1...done
	Loading LAZP02000024.1...done
	Loading LAZP02000240.1...done
	Loading LAZP02002399.1...done
	Loading LAZP02002400.1...done
	Loading LAZP02002401.1...done
	Loading LAZP02002402.1...done
	Loading LAZP02002403.1...done
	Loading LAZP02002404.1...done
	Loading LAZP02002405.1...done
	Loading LAZP02002406.1...done
	Loading LAZP02002407.1...done
	Loading LAZP02002408.1...done
	Loading LAZP02000241.1...done
	Loading LAZP02002409.1...done
	Loading LAZP02002410.1...done
	Loading LAZP02002411.1...done
	Loading LAZP02002412.1...done
	Loading LAZP02002413.1...done
	Loading LAZP02002414.1...done
	Loading LAZP02002415.1...done
	Loading LAZP02002416.1...done
	Loading LAZP02002417.1...done
	Loading LAZP02002418.1...done
	Loading LAZP02000242.1...done
	Loading LAZP02002419.1...done
	Loading LAZP02002420.1...done
	Loading LAZP02002421.1...done
	Loading LAZP02002422.1...done
	Loading LAZP02002423.1...done
	Loading LAZP02002424.1...done
	Loading LAZP02002425.1...done
	Loading LAZP02002426.1...done
	Loading LAZP02002427.1...done
	Loading LAZP02002428.1...done
	Loading LAZP02000243.1...done
	Loading LAZP02002429.1...done
	Loading LAZP02002430.1...done
	Loading LAZP02002431.1...done
	Loading LAZP02002432.1...done
	Loading LAZP02002433.1...done
	Loading LAZP02002434.1...done
	Loading LAZP02002435.1...done
	Loading LAZP02002436.1...done
	Loading LAZP02002437.1...done
	Loading LAZP02002438.1...done
	Loading LAZP02000244.1...done
	Loading LAZP02002439.1...done
	Loading LAZP02002440.1...done
	Loading LAZP02002441.1...done
	Loading LAZP02002442.1...done
	Loading LAZP02002443.1...done
	Loading LAZP02002444.1...done
	Loading LAZP02002445.1...done
	Loading LAZP02002446.1...done
	Loading LAZP02002447.1...done
	Loading LAZP02002448.1...done
	Loading LAZP02000245.1...done
	Loading LAZP02002449.1...done
	Loading LAZP02002450.1...done
	Loading LAZP02002451.1...done
	Loading LAZP02002452.1...done
	Loading LAZP02002453.1...done
	Loading LAZP02002454.1...done
	Loading LAZP02002455.1...done
	Loading LAZP02002456.1...done
	Loading LAZP02002457.1...done
	Loading LAZP02002458.1...done
	Loading LAZP02000246.1...done
	Loading LAZP02002459.1...done
	Loading LAZP02002460.1...done
	Loading LAZP02002461.1...done
	Loading LAZP02002462.1...done
	Loading LAZP02002463.1...done
	Loading LAZP02002464.1...done
	Loading LAZP02002465.1...done
	Loading LAZP02002466.1...done
	Loading LAZP02002467.1...done
	Loading LAZP02002468.1...done
	Loading LAZP02000247.1...done
	Loading LAZP02002469.1...done
	Loading LAZP02002470.1...done
	Loading LAZP02002471.1...done
	Loading LAZP02002472.1...done
	Loading LAZP02002473.1...done
	Loading LAZP02002474.1...done
	Loading LAZP02002475.1...done
	Loading LAZP02002476.1...done
	Loading LAZP02002477.1...done
	Loading LAZP02002478.1...done
	Loading LAZP02000248.1...done
	Loading LAZP02002479.1...done
	Loading LAZP02002480.1...done
	Loading LAZP02002481.1...done
	Loading LAZP02002482.1...done
	Loading LAZP02002483.1...done
	Loading LAZP02002484.1...done
	Loading LAZP02002485.1...done
	Loading LAZP02002486.1...done
	Loading LAZP02002487.1...done
	Loading LAZP02002488.1...done
	Loading LAZP02000249.1...done
	Loading LAZP02002489.1...done
	Loading LAZP02002490.1...done
	Loading LAZP02002491.1...done
	Loading LAZP02002492.1...done
	Loading LAZP02002493.1...done
	Loading LAZP02002494.1...done
	Loading LAZP02002495.1...done
	Loading LAZP02002496.1...done
	Loading LAZP02002497.1...done
	Loading LAZP02002498.1...done
	Loading LAZP02000025.1...done
	Loading LAZP02000250.1...done
	Loading LAZP02002499.1...done
	Loading LAZP02002500.1...done
	Loading LAZP02002501.1...done
	Loading LAZP02002502.1...done
	Loading LAZP02002503.1...done
	Loading LAZP02002504.1...done
	Loading LAZP02002505.1...done
	Loading LAZP02002506.1...done
	Loading LAZP02002507.1...done
	Loading LAZP02002508.1...done
	Loading LAZP02000251.1...done
	Loading LAZP02002509.1...done
	Loading LAZP02002510.1...done
	Loading LAZP02002511.1...done
	Loading LAZP02002512.1...done
	Loading LAZP02002513.1...done
	Loading LAZP02002514.1...done
	Loading LAZP02002515.1...done
	Loading LAZP02002516.1...done
	Loading LAZP02002517.1...done
	Loading LAZP02002518.1...done
	Loading LAZP02000252.1...done
	Loading LAZP02002519.1...done
	Loading LAZP02002520.1...done
	Loading LAZP02002521.1...done
	Loading LAZP02002522.1...done
	Loading LAZP02002523.1...done
	Loading LAZP02002524.1...done
	Loading LAZP02002525.1...done
	Loading LAZP02002526.1...done
	Loading LAZP02002527.1...done
	Loading LAZP02002528.1...done
	Loading LAZP02000253.1...done
	Loading LAZP02002529.1...done
	Loading LAZP02002530.1...done
	Loading LAZP02002531.1...done
	Loading LAZP02002532.1...done
	Loading LAZP02002533.1...done
	Loading LAZP02002534.1...done
	Loading LAZP02002535.1...done
	Loading LAZP02002536.1...done
	Loading LAZP02000254.1...done
	Loading LAZP02000255.1...done
	Loading LAZP02000256.1...done
	Loading LAZP02000257.1...done
	Loading LAZP02000258.1...done
	Loading LAZP02000259.1...done
	Loading LAZP02000026.1...done
	Loading LAZP02000260.1...done
	Loading LAZP02000261.1...done
	Loading LAZP02000262.1...done
	Loading LAZP02000263.1...done
	Loading LAZP02000264.1...done
	Loading LAZP02000265.1...done
	Loading LAZP02000266.1...done
	Loading LAZP02000267.1...done
	Loading LAZP02000268.1...done
	Loading LAZP02000269.1...done
	Loading LAZP02000027.1...done
	Loading LAZP02000270.1...done
	Loading LAZP02000271.1...done
	Loading LAZP02000272.1...done
	Loading LAZP02000273.1...done
	Loading LAZP02000274.1...done
	Loading LAZP02000275.1...done
	Loading LAZP02000276.1...done
	Loading LAZP02000277.1...done
	Loading LAZP02000278.1...done
	Loading LAZP02000279.1...done
	Loading LAZP02000028.1...done
	Loading LAZP02000280.1...done
	Loading LAZP02000281.1...done
	Loading LAZP02000282.1...done
	Loading LAZP02000283.1...done
	Loading LAZP02000284.1...done
	Loading LAZP02000285.1...done
	Loading LAZP02000286.1...done
	Loading LAZP02000287.1...done
	Loading LAZP02000288.1...done
	Loading LAZP02000289.1...done
	Loading LAZP02000029.1...done
	Loading LAZP02000290.1...done
	Loading LAZP02000291.1...done
	Loading LAZP02000292.1...done
	Loading LAZP02000293.1...done
	Loading LAZP02000294.1...done
	Loading LAZP02000295.1...done
	Loading LAZP02000296.1...done
	Loading LAZP02000297.1...done
	Loading LAZP02000298.1...done
	Loading LAZP02000299.1...done
	Loading LAZP02000003.1...done
	Loading LAZP02000030.1...done
	Loading LAZP02000300.1...done
	Loading LAZP02000301.1...done
	Loading LAZP02000302.1...done
	Loading LAZP02000303.1...done
	Loading LAZP02000304.1...done
	Loading LAZP02000305.1...done
	Loading LAZP02000306.1...done
	Loading LAZP02000307.1...done
	Loading LAZP02000308.1...done
	Loading LAZP02000309.1...done
	Loading LAZP02000031.1...done
	Loading LAZP02000310.1...done
	Loading LAZP02000311.1...done
	Loading LAZP02000312.1...done
	Loading LAZP02000313.1...done
	Loading LAZP02000314.1...done
	Loading LAZP02000315.1...done
	Loading LAZP02000316.1...done
	Loading LAZP02000317.1...done
	Loading LAZP02000318.1...done
	Loading LAZP02000319.1...done
	Loading LAZP02000032.1...done
	Loading LAZP02000320.1...done
	Loading LAZP02000321.1...done
	Loading LAZP02000322.1...done
	Loading LAZP02000323.1...done
	Loading LAZP02000324.1...done
	Loading LAZP02000325.1...done
	Loading LAZP02000326.1...done
	Loading LAZP02000327.1...done
	Loading LAZP02000328.1...done
	Loading LAZP02000329.1...done
	Loading LAZP02000033.1...done
	Loading LAZP02000330.1...done
	Loading LAZP02000331.1...done
	Loading LAZP02000332.1...done
	Loading LAZP02000333.1...done
	Loading LAZP02000334.1...done
	Loading LAZP02000335.1...done
	Loading LAZP02000336.1...done
	Loading LAZP02000337.1...done
	Loading LAZP02000338.1...done
	Loading LAZP02000339.1...done
	Loading LAZP02000034.1...done
	Loading LAZP02000340.1...done
	Loading LAZP02000341.1...done
	Loading LAZP02000342.1...done
	Loading LAZP02000343.1...done
	Loading LAZP02000344.1...done
	Loading LAZP02000345.1...done
	Loading LAZP02000346.1...done
	Loading LAZP02000347.1...done
	Loading LAZP02000348.1...done
	Loading LAZP02000349.1...done
	Loading LAZP02000035.1...done
	Loading LAZP02000350.1...done
	Loading LAZP02000351.1...done
	Loading LAZP02000352.1...done
	Loading LAZP02000353.1...done
	Loading LAZP02000354.1...done
	Loading LAZP02000355.1...done
	Loading LAZP02000356.1...done
	Loading LAZP02000357.1...done
	Loading LAZP02000358.1...done
	Loading LAZP02000359.1...done
	Loading LAZP02000036.1...done
	Loading LAZP02000360.1...done
	Loading LAZP02000361.1...done
	Loading LAZP02000362.1...done
	Loading LAZP02000363.1...done
	Loading LAZP02000364.1...done
	Loading LAZP02000365.1...done
	Loading LAZP02000366.1...done
	Loading LAZP02000367.1...done
	Loading LAZP02000368.1...done
	Loading LAZP02000369.1...done
	Loading LAZP02000037.1...done
	Loading LAZP02000370.1...done
	Loading LAZP02000371.1...done
	Loading LAZP02000372.1...done
	Loading LAZP02000373.1...done
	Loading LAZP02000374.1...done
	Loading LAZP02000375.1...done
	Loading LAZP02000376.1...done
	Loading LAZP02000377.1...done
	Loading LAZP02000378.1...done
	Loading LAZP02000379.1...done
	Loading LAZP02000038.1...done
	Loading LAZP02000380.1...done
	Loading LAZP02000381.1...done
	Loading LAZP02000382.1...done
	Loading LAZP02000383.1...done
	Loading LAZP02000384.1...done
	Loading LAZP02000385.1...done
	Loading LAZP02000386.1...done
	Loading LAZP02000387.1...done
	Loading LAZP02000388.1...done
	Loading LAZP02000389.1...done
	Loading LAZP02000039.1...done
	Loading LAZP02000390.1...done
	Loading LAZP02000391.1...done
	Loading LAZP02000392.1...done
	Loading LAZP02000393.1...done
	Loading LAZP02000394.1...done
	Loading LAZP02000395.1...done
	Loading LAZP02000396.1...done
	Loading LAZP02000397.1...done
	Loading LAZP02000398.1...done
	Loading LAZP02000399.1...done
	Loading LAZP02000004.1...done
	Loading LAZP02000040.1...done
	Loading LAZP02000400.1...done
	Loading LAZP02000401.1...done
	Loading LAZP02000402.1...done
	Loading LAZP02000403.1...done
	Loading LAZP02000404.1...done
	Loading LAZP02000405.1...done
	Loading LAZP02000406.1...done
	Loading LAZP02000407.1...done
	Loading LAZP02000408.1...done
	Loading LAZP02000409.1...done
	Loading LAZP02000041.1...done
	Loading LAZP02000410.1...done
	Loading LAZP02000411.1...done
	Loading LAZP02000412.1...done
	Loading LAZP02000413.1...done
	Loading LAZP02000414.1...done
	Loading LAZP02000415.1...done
	Loading LAZP02000416.1...done
	Loading LAZP02000417.1...done
	Loading LAZP02000418.1...done
	Loading LAZP02000419.1...done
	Loading LAZP02000042.1...done
	Loading LAZP02000420.1...done
	Loading LAZP02000421.1...done
	Loading LAZP02000422.1...done
	Loading LAZP02000423.1...done
	Loading LAZP02000424.1...done
	Loading LAZP02000425.1...done
	Loading LAZP02000426.1...done
	Loading LAZP02000427.1...done
	Loading LAZP02000428.1...done
	Loading LAZP02000429.1...done
	Loading LAZP02000043.1...done
	Loading LAZP02000430.1...done
	Loading LAZP02000431.1...done
	Loading LAZP02000432.1...done
	Loading LAZP02000433.1...done
	Loading LAZP02000434.1...done
	Loading LAZP02000435.1...done
	Loading LAZP02000436.1...done
	Loading LAZP02000437.1...done
	Loading LAZP02000438.1...done
	Loading LAZP02000439.1...done
	Loading LAZP02000044.1...done
	Loading LAZP02000440.1...done
	Loading LAZP02000441.1...done
	Loading LAZP02000442.1...done
	Loading LAZP02000443.1...done
	Loading LAZP02000444.1...done
	Loading LAZP02000445.1...done
	Loading LAZP02000446.1...done
	Loading LAZP02000447.1...done
	Loading LAZP02000448.1...done
	Loading LAZP02000449.1...done
	Loading LAZP02000045.1...done
	Loading LAZP02000450.1...done
	Loading LAZP02000451.1...done
	Loading LAZP02000452.1...done
	Loading LAZP02000453.1...done
	Loading LAZP02000454.1...done
	Loading LAZP02000455.1...done
	Loading LAZP02000456.1...done
	Loading LAZP02000457.1...done
	Loading LAZP02000458.1...done
	Loading LAZP02000459.1...done
	Loading LAZP02000046.1...done
	Loading LAZP02000460.1...done
	Loading LAZP02000461.1...done
	Loading LAZP02000462.1...done
	Loading LAZP02000463.1...done
	Loading LAZP02000464.1...done
	Loading LAZP02000465.1...done
	Loading LAZP02000466.1...done
	Loading LAZP02000467.1...done
	Loading LAZP02000468.1...done
	Loading LAZP02000469.1...done
	Loading LAZP02000047.1...done
	Loading LAZP02000470.1...done
	Loading LAZP02000471.1...done
	Loading LAZP02000472.1...done
	Loading LAZP02000473.1...done
	Loading LAZP02000474.1...done
	Loading LAZP02000475.1...done
	Loading LAZP02000476.1...done
	Loading LAZP02000477.1...done
	Loading LAZP02000478.1...done
	Loading LAZP02000479.1...done
	Loading LAZP02000048.1...done
	Loading LAZP02000480.1...done
	Loading LAZP02000481.1...done
	Loading LAZP02000482.1...done
	Loading LAZP02000483.1...done
	Loading LAZP02000484.1...done
	Loading LAZP02000485.1...done
	Loading LAZP02000486.1...done
	Loading LAZP02000487.1...done
	Loading LAZP02000488.1...done
	Loading LAZP02000489.1...done
	Loading LAZP02000049.1...done
	Loading LAZP02000490.1...done
	Loading LAZP02000491.1...done
	Loading LAZP02000492.1...done
	Loading LAZP02000493.1...done
	Loading LAZP02000494.1...done
	Loading LAZP02000495.1...done
	Loading LAZP02000496.1...done
	Loading LAZP02000497.1...done
	Loading LAZP02000498.1...done
	Loading LAZP02000499.1...done
	Loading LAZP02000005.1...done
	Loading LAZP02000050.1...done
	Loading LAZP02000500.1...done
	Loading LAZP02000501.1...done
	Loading LAZP02000502.1...done
	Loading LAZP02000503.1...done
	Loading LAZP02000504.1...done
	Loading LAZP02000505.1...done
	Loading LAZP02000506.1...done
	Loading LAZP02000507.1...done
	Loading LAZP02000508.1...done
	Loading LAZP02000509.1...done
	Loading LAZP02000051.1...done
	Loading LAZP02000510.1...done
	Loading LAZP02000511.1...done
	Loading LAZP02000512.1...done
	Loading LAZP02000513.1...done
	Loading LAZP02000514.1...done
	Loading LAZP02000515.1...done
	Loading LAZP02000516.1...done
	Loading LAZP02000517.1...done
	Loading LAZP02000518.1...done
	Loading LAZP02000519.1...done
	Loading LAZP02000052.1...done
	Loading LAZP02000520.1...done
	Loading LAZP02000521.1...done
	Loading LAZP02000522.1...done
	Loading LAZP02000523.1...done
	Loading LAZP02000524.1...done
	Loading LAZP02000525.1...done
	Loading LAZP02000526.1...done
	Loading LAZP02000527.1...done
	Loading LAZP02000528.1...done
	Loading LAZP02000529.1...done
	Loading LAZP02000053.1...done
	Loading LAZP02000530.1...done
	Loading LAZP02000531.1...done
	Loading LAZP02000532.1...done
	Loading LAZP02000533.1...done
	Loading LAZP02000534.1...done
	Loading LAZP02000535.1...done
	Loading LAZP02000536.1...done
	Loading LAZP02000537.1...done
	Loading LAZP02000538.1...done
	Loading LAZP02000539.1...done
	Loading LAZP02000054.1...done
	Loading LAZP02000540.1...done
	Loading LAZP02000541.1...done
	Loading LAZP02000542.1...done
	Loading LAZP02000543.1...done
	Loading LAZP02000544.1...done
	Loading LAZP02000545.1...done
	Loading LAZP02000546.1...done
	Loading LAZP02000547.1...done
	Loading LAZP02000548.1...done
	Loading LAZP02000549.1...done
	Loading LAZP02000055.1...done
	Loading LAZP02000550.1...done
	Loading LAZP02000551.1...done
	Loading LAZP02000552.1...done
	Loading LAZP02000553.1...done
	Loading LAZP02000554.1...done
	Loading LAZP02000555.1...done
	Loading LAZP02000556.1...done
	Loading LAZP02000557.1...done
	Loading LAZP02000558.1...done
	Loading LAZP02000559.1...done
	Loading LAZP02000056.1...done
	Loading LAZP02000560.1...done
	Loading LAZP02000561.1...done
	Loading LAZP02000562.1...done
	Loading LAZP02000563.1...done
	Loading LAZP02000564.1...done
	Loading LAZP02000565.1...done
	Loading LAZP02000566.1...done
	Loading LAZP02000567.1...done
	Loading LAZP02000568.1...done
	Loading LAZP02000569.1...done
	Loading LAZP02000057.1...done
	Loading LAZP02000570.1...done
	Loading LAZP02000571.1...done
	Loading LAZP02000572.1...done
	Loading LAZP02000573.1...done
	Loading LAZP02000574.1...done
	Loading LAZP02000575.1...done
	Loading LAZP02000576.1...done
	Loading LAZP02000577.1...done
	Loading LAZP02000578.1...done
	Loading LAZP02000579.1...done
	Loading LAZP02000058.1...done
	Loading LAZP02000580.1...done
	Loading LAZP02000581.1...done
	Loading LAZP02000582.1...done
	Loading LAZP02000583.1...done
	Loading LAZP02000584.1...done
	Loading LAZP02000585.1...done
	Loading LAZP02000586.1...done
	Loading LAZP02000587.1...done
	Loading LAZP02000588.1...done
	Loading LAZP02000589.1...done
	Loading LAZP02000059.1...done
	Loading LAZP02000590.1...done
	Loading LAZP02000591.1...done
	Loading LAZP02000592.1...done
	Loading LAZP02000593.1...done
	Loading LAZP02000594.1...done
	Loading LAZP02000595.1...done
	Loading LAZP02000596.1...done
	Loading LAZP02000597.1...done
	Loading LAZP02000598.1...done
	Loading LAZP02000599.1...done
	Loading LAZP02000006.1...done
	Loading LAZP02000060.1...done
	Loading LAZP02000600.1...done
	Loading LAZP02000601.1...done
	Loading LAZP02000602.1...done
	Loading LAZP02000603.1...done
	Loading LAZP02000604.1...done
	Loading LAZP02000605.1...done
	Loading LAZP02000606.1...done
	Loading LAZP02000607.1...done
	Loading LAZP02000608.1...done
	Loading LAZP02000609.1...done
	Loading LAZP02000061.1...done
	Loading LAZP02000610.1...done
	Loading LAZP02000611.1...done
	Loading LAZP02000612.1...done
	Loading LAZP02000613.1...done
	Loading LAZP02000614.1...done
	Loading LAZP02000615.1...done
	Loading LAZP02000616.1...done
	Loading LAZP02000617.1...done
	Loading LAZP02000618.1...done
	Loading LAZP02000619.1...done
	Loading LAZP02000062.1...done
	Loading LAZP02000620.1...done
	Loading LAZP02000621.1...done
	Loading LAZP02000622.1...done
	Loading LAZP02000623.1...done
	Loading LAZP02000624.1...done
	Loading LAZP02000625.1...done
	Loading LAZP02000626.1...done
	Loading LAZP02000627.1...done
	Loading LAZP02000628.1...done
	Loading LAZP02000629.1...done
	Loading LAZP02000063.1...done
	Loading LAZP02000630.1...done
	Loading LAZP02000631.1...done
	Loading LAZP02000632.1...done
	Loading LAZP02000633.1...done
	Loading LAZP02000634.1...done
	Loading LAZP02000635.1...done
	Loading LAZP02000636.1...done
	Loading LAZP02000637.1...done
	Loading LAZP02000638.1...done
	Loading LAZP02000639.1...done
	Loading LAZP02000064.1...done
	Loading LAZP02000640.1...done
	Loading LAZP02000641.1...done
	Loading LAZP02000642.1...done
	Loading LAZP02000643.1...done
	Loading LAZP02000644.1...done
	Loading LAZP02000645.1...done
	Loading LAZP02000646.1...done
	Loading LAZP02000647.1...done
	Loading LAZP02000648.1...done
	Loading LAZP02000649.1...done
	Loading LAZP02000065.1...done
	Loading LAZP02000650.1...done
	Loading LAZP02000651.1...done
	Loading LAZP02000652.1...done
	Loading LAZP02000653.1...done
	Loading LAZP02000654.1...done
	Loading LAZP02000655.1...done
	Loading LAZP02000656.1...done
	Loading LAZP02000657.1...done
	Loading LAZP02000658.1...done
	Loading LAZP02000659.1...done
	Loading LAZP02000066.1...done
	Loading LAZP02000660.1...done
	Loading LAZP02000661.1...done
	Loading LAZP02000662.1...done
	Loading LAZP02000663.1...done
	Loading LAZP02000664.1...done
	Loading LAZP02000665.1...done
	Loading LAZP02000666.1...done
	Loading LAZP02000667.1...done
	Loading LAZP02000668.1...done
	Loading LAZP02000669.1...done
	Loading LAZP02000067.1...done
	Loading LAZP02000670.1...done
	Loading LAZP02000671.1...done
	Loading LAZP02000672.1...done
	Loading LAZP02000673.1...done
	Loading LAZP02000674.1...done
	Loading LAZP02000675.1...done
	Loading LAZP02000676.1...done
	Loading LAZP02000677.1...done
	Loading LAZP02000678.1...done
	Loading LAZP02000679.1...done
	Loading LAZP02000068.1...done
	Loading LAZP02000680.1...done
	Loading LAZP02000681.1...done
	Loading LAZP02000682.1...done
	Loading LAZP02000683.1...done
	Loading LAZP02000684.1...done
	Loading LAZP02000685.1...done
	Loading LAZP02000686.1...done
	Loading LAZP02000687.1...done
	Loading LAZP02000688.1...done
	Loading LAZP02000689.1...done
	Loading LAZP02000069.1...done
	Loading LAZP02000690.1...done
	Loading LAZP02000691.1...done
	Loading LAZP02000692.1...done
	Loading LAZP02000693.1...done
	Loading LAZP02000694.1...done
	Loading LAZP02000695.1...done
	Loading LAZP02000696.1...done
	Loading LAZP02000697.1...done
	Loading LAZP02000698.1...done
	Loading LAZP02000699.1...done
	Loading LAZP02000007.1...done
	Loading LAZP02000070.1...done
	Loading LAZP02000700.1...done
	Loading LAZP02000701.1...done
	Loading LAZP02000702.1...done
	Loading LAZP02000703.1...done
	Loading LAZP02000704.1...done
	Loading LAZP02000705.1...done
	Loading LAZP02000706.1...done
	Loading LAZP02000707.1...done
	Loading LAZP02000708.1...done
	Loading LAZP02000709.1...done
	Loading LAZP02000071.1...done
	Loading LAZP02000710.1...done
	Loading LAZP02000711.1...done
	Loading LAZP02000712.1...done
	Loading LAZP02000713.1...done
	Loading LAZP02000714.1...done
	Loading LAZP02000715.1...done
	Loading LAZP02000716.1...done
	Loading LAZP02000717.1...done
	Loading LAZP02000718.1...done
	Loading LAZP02000719.1...done
	Loading LAZP02000072.1...done
	Loading LAZP02000720.1...done
	Loading LAZP02000721.1...done
	Loading LAZP02000722.1...done
	Loading LAZP02000723.1...done
	Loading LAZP02000724.1...done
	Loading LAZP02000725.1...done
	Loading LAZP02000726.1...done
	Loading LAZP02000727.1...done
	Loading LAZP02000728.1...done
	Loading LAZP02000729.1...done
	Loading LAZP02000073.1...done
	Loading LAZP02000730.1...done
	Loading LAZP02000731.1...done
	Loading LAZP02000732.1...done
	Loading LAZP02000733.1...done
	Loading LAZP02000734.1...done
	Loading LAZP02000735.1...done
	Loading LAZP02000736.1...done
	Loading LAZP02000737.1...done
	Loading LAZP02000738.1...done
	Loading LAZP02000739.1...done
	Loading LAZP02000074.1...done
	Loading LAZP02000740.1...done
	Loading LAZP02000741.1...done
	Loading LAZP02000742.1...done
	Loading LAZP02000743.1...done
	Loading LAZP02000744.1...done
	Loading LAZP02000745.1...done
	Loading LAZP02000746.1...done
	Loading LAZP02000747.1...done
	Loading LAZP02000748.1...done
	Loading LAZP02000749.1...done
	Loading LAZP02000075.1...done
	Loading LAZP02000750.1...done
	Loading LAZP02000751.1...done
	Loading LAZP02000752.1...done
	Loading LAZP02000753.1...done
	Loading LAZP02000754.1...done
	Loading LAZP02000755.1...done
	Loading LAZP02000756.1...done
	Loading LAZP02000757.1...done
	Loading LAZP02000758.1...done
	Loading LAZP02000759.1...done
	Loading LAZP02000076.1...done
	Loading LAZP02000760.1...done
	Loading LAZP02000761.1...done
	Loading LAZP02000762.1...done
	Loading LAZP02000763.1...done
	Loading LAZP02000764.1...done
	Loading LAZP02000765.1...done
	Loading LAZP02000766.1...done
	Loading LAZP02000767.1...done
	Loading LAZP02000768.1...done
	Loading LAZP02000769.1...done
	Loading LAZP02000077.1...done
	Loading LAZP02000770.1...done
	Loading LAZP02000771.1...done
	Loading LAZP02000772.1...done
	Loading LAZP02000773.1...done
	Loading LAZP02000774.1...done
	Loading LAZP02000775.1...done
	Loading LAZP02000776.1...done
	Loading LAZP02000777.1...done
	Loading LAZP02000778.1...done
	Loading LAZP02000779.1...done
	Loading LAZP02000078.1...done
	Loading LAZP02000780.1...done
	Loading LAZP02000781.1...done
	Loading LAZP02000782.1...done
	Loading LAZP02000783.1...done
	Loading LAZP02000784.1...done
	Loading LAZP02000785.1...done
	Loading LAZP02000786.1...done
	Loading LAZP02000787.1...done
	Loading LAZP02000788.1...done
	Loading LAZP02000789.1...done
	Loading LAZP02000079.1...done
	Loading LAZP02000790.1...done
	Loading LAZP02000791.1...done
	Loading LAZP02000792.1...done
	Loading LAZP02000793.1...done
	Loading LAZP02000794.1...done
	Loading LAZP02000795.1...done
	Loading LAZP02000796.1...done
	Loading LAZP02000797.1...done
	Loading LAZP02000798.1...done
	Loading LAZP02000799.1...done
	Loading LAZP02000008.1...done
	Loading LAZP02000080.1...done
	Loading LAZP02000800.1...done
	Loading LAZP02000801.1...done
	Loading LAZP02000802.1...done
	Loading LAZP02000803.1...done
	Loading LAZP02000804.1...done
	Loading LAZP02000805.1...done
	Loading LAZP02000806.1...done
	Loading LAZP02000807.1...done
	Loading LAZP02000808.1...done
	Loading LAZP02000809.1...done
	Loading LAZP02000081.1...done
	Loading LAZP02000810.1...done
	Loading LAZP02000811.1...done
	Loading LAZP02000812.1...done
	Loading LAZP02000813.1...done
	Loading LAZP02000814.1...done
	Loading LAZP02000815.1...done
	Loading LAZP02000816.1...done
	Loading LAZP02000817.1...done
	Loading LAZP02000818.1...done
	Loading LAZP02000819.1...done
	Loading LAZP02000082.1...done
	Loading LAZP02000820.1...done
	Loading LAZP02000821.1...done
	Loading LAZP02000822.1...done
	Loading LAZP02000823.1...done
	Loading LAZP02000824.1...done
	Loading LAZP02000825.1...done
	Loading LAZP02000826.1...done
	Loading LAZP02000827.1...done
	Loading LAZP02000828.1...done
	Loading LAZP02000829.1...done
	Loading LAZP02000083.1...done
	Loading LAZP02000830.1...done
	Loading LAZP02000831.1...done
	Loading LAZP02000832.1...done
	Loading LAZP02000833.1...done
	Loading LAZP02000834.1...done
	Loading LAZP02000835.1...done
	Loading LAZP02000836.1...done
	Loading LAZP02000837.1...done
	Loading LAZP02000838.1...done
	Loading LAZP02000839.1...done
	Loading LAZP02000084.1...done
	Loading LAZP02000840.1...done
	Loading LAZP02000841.1...done
	Loading LAZP02000842.1...done
	Loading LAZP02000843.1...done
	Loading LAZP02000844.1...done
	Loading LAZP02000845.1...done
	Loading LAZP02000846.1...done
	Loading LAZP02000847.1...done
	Loading LAZP02000848.1...done
	Loading LAZP02000849.1...done
	Loading LAZP02000085.1...done
	Loading LAZP02000850.1...done
	Loading LAZP02000851.1...done
	Loading LAZP02000852.1...done
	Loading LAZP02000853.1...done
	Loading LAZP02000854.1...done
	Loading LAZP02000855.1...done
	Loading LAZP02000856.1...done
	Loading LAZP02000857.1...done
	Loading LAZP02000858.1...done
	Loading LAZP02000859.1...done
	Loading LAZP02000086.1...done
	Loading LAZP02000860.1...done
	Loading LAZP02000861.1...done
	Loading LAZP02000862.1...done
	Loading LAZP02000863.1...done
	Loading LAZP02000864.1...done
	Loading LAZP02000865.1...done
	Loading LAZP02000866.1...done
	Loading LAZP02000867.1...done
	Loading LAZP02000868.1...done
	Loading LAZP02000869.1...done
	Loading LAZP02000087.1...done
	Loading LAZP02000870.1...done
	Loading LAZP02000871.1...done
	Loading LAZP02000872.1...done
	Loading LAZP02000873.1...done
	Loading LAZP02000874.1...done
	Loading LAZP02000875.1...done
	Loading LAZP02000876.1...done
	Loading LAZP02000877.1...done
	Loading LAZP02000878.1...done
	Loading LAZP02000879.1...done
	Loading LAZP02000088.1...done
	Loading LAZP02000880.1...done
	Loading LAZP02000881.1...done
	Loading LAZP02000882.1...done
	Loading LAZP02000883.1...done
	Loading LAZP02000884.1...done
	Loading LAZP02000885.1...done
	Loading LAZP02000886.1...done
	Loading LAZP02000887.1...done
	Loading LAZP02000888.1...done
	Loading LAZP02000889.1...done
	Loading LAZP02000089.1...done
	Loading LAZP02000890.1...done
	Loading LAZP02000891.1...done
	Loading LAZP02000892.1...done
	Loading LAZP02000893.1...done
	Loading LAZP02000894.1...done
	Loading LAZP02000895.1...done
	Loading LAZP02000896.1...done
	Loading LAZP02000897.1...done
	Loading LAZP02000898.1...done
	Loading LAZP02000899.1...done
	Loading LAZP02000009.1...done
	Loading LAZP02000090.1...done
	Loading LAZP02000900.1...done
	Loading LAZP02000901.1...done
	Loading LAZP02000902.1...done
	Loading LAZP02000903.1...done
	Loading LAZP02000904.1...done
	Loading LAZP02000905.1...done
	Loading LAZP02000906.1...done
	Loading LAZP02000907.1...done
	Loading LAZP02000908.1...done
	Loading LAZP02000909.1...done
	Loading LAZP02000091.1...done
	Loading LAZP02000910.1...done
	Loading LAZP02000911.1...done
	Loading LAZP02000912.1...done
	Loading LAZP02000913.1...done
	Loading LAZP02000914.1...done
	Loading LAZP02000915.1...done
	Loading LAZP02000916.1...done
	Loading LAZP02000917.1...done
	Loading LAZP02000918.1...done
	Loading LAZP02000919.1...done
	Loading LAZP02000092.1...done
	Loading LAZP02000920.1...done
	Loading LAZP02000921.1...done
	Loading LAZP02000922.1...done
	Loading LAZP02000923.1...done
	Loading LAZP02000924.1...done
	Loading LAZP02000925.1...done
	Loading LAZP02000926.1...done
	Loading LAZP02000927.1...done
	Loading LAZP02000928.1...done
	Loading LAZP02000929.1...done
	Loading LAZP02000093.1...done
	Loading LAZP02000930.1...done
	Loading LAZP02000931.1...done
	Loading LAZP02000932.1...done
	Loading LAZP02000933.1...done
	Loading LAZP02000934.1...done
	Loading LAZP02000935.1...done
	Loading LAZP02000936.1...done
	Loading LAZP02000937.1...done
	Loading LAZP02000938.1...done
	Loading LAZP02000094.1...done
	Loading LAZP02000939.1...done
	Loading LAZP02000940.1...done
	Loading LAZP02000941.1...done
	Loading LAZP02000942.1...done
	Loading LAZP02000943.1...done
	Loading LAZP02000944.1...done
	Loading LAZP02000945.1...done
	Loading LAZP02000946.1...done
	Loading LAZP02000947.1...done
	Loading LAZP02000948.1...done
	Loading LAZP02000095.1...done
	Loading LAZP02000949.1...done
	Loading LAZP02000950.1...done
	Loading LAZP02000951.1...done
	Loading LAZP02000952.1...done
	Loading LAZP02000953.1...done
	Loading LAZP02000954.1...done
	Loading LAZP02000955.1...done
	Loading LAZP02000956.1...done
	Loading LAZP02000957.1...done
	Loading LAZP02000958.1...done
	Loading LAZP02000096.1...done
	Loading LAZP02000959.1...done
	Loading LAZP02000960.1...done
	Loading LAZP02000961.1...done
	Loading LAZP02000962.1...done
	Loading LAZP02000963.1...done
	Loading LAZP02000964.1...done
	Loading LAZP02000965.1...done
	Loading LAZP02000966.1...done
	Loading LAZP02000967.1...done
	Loading LAZP02000968.1...done
	Loading LAZP02000097.1...done
	Loading LAZP02000969.1...done
	Loading LAZP02000970.1...done
	Loading LAZP02000971.1...done
	Loading LAZP02000972.1...done
	Loading LAZP02000973.1...done
	Loading LAZP02000974.1...done
	Loading LAZP02000975.1...done
	Loading LAZP02000976.1...done
	Loading LAZP02000977.1...done
	Loading LAZP02000978.1...done
	Loading LAZP02000098.1...done
	Loading LAZP02000979.1...done
	Loading LAZP02000980.1...done
	Loading LAZP02000981.1...done
	Loading LAZP02000982.1...done
	Loading LAZP02000983.1...done
	Loading LAZP02000984.1...done
	Loading LAZP02000985.1...done
	Loading LAZP02000986.1...done
	Loading LAZP02000987.1...done
	Loading LAZP02000988.1...done
	Loading LAZP02000099.1...done
	Loading LAZP02000989.1...done
	Loading LAZP02000990.1...done
	Loading LAZP02000991.1...done
	Loading LAZP02000992.1...done
	Loading LAZP02000993.1...done
	Loading LAZP02000994.1...done
	Loading LAZP02000995.1...done
	Loading LAZP02000996.1...done
	Loading LAZP02000997.1...done
	Loading LAZP02000998.1...done
	Loading ...done
Loaded 17247 GFF junctions from SRR1986846_1.fastq_top/tmp/GCA_001272575.juncs.
Loaded 30449 junctions
Printing junction BED track...done
Printing insertions...done
Printing deletions...done
Found 25453 junctions from happy spliced reads
